{"/home/travis/build/npmtest/node-npmtest-preact/test.js":{"path":"/home/travis/build/npmtest/node-npmtest-preact/test.js","s":{"1":2,"2":2,"3":2,"4":2,"5":2,"6":2,"7":2,"8":1,"9":2,"10":2,"11":1,"12":1,"13":1,"14":1,"15":2,"16":2,"17":2,"18":2,"19":1,"20":1,"21":2,"22":2,"23":2,"24":1,"25":1,"26":1,"27":1,"28":1,"29":1,"30":1,"31":1,"32":1,"33":1,"34":1,"35":1,"36":1,"37":1,"38":1,"39":2,"40":2,"41":1,"42":2,"43":2,"44":1,"45":2,"46":2,"47":1,"48":2,"49":2,"50":1,"51":1,"52":1,"53":1,"54":1},"b":{"1":[2,1,1,1],"2":[1,1,1,1],"3":[1,1],"4":[1,1],"5":[1,1],"6":[1,1],"7":[1,1],"8":[1,1],"9":[1,1],"10":[1,1,1],"11":[1,1],"12":[1,1],"13":[1,1],"14":[1,1],"15":[1,1],"16":[1,1],"17":[1,1]},"f":{"1":2,"2":2,"3":2,"4":2,"5":2,"6":1,"7":1,"8":1,"9":2,"10":2,"11":2,"12":2,"13":1},"fnMap":{"1":{"name":"(anonymous_1)","line":12,"loc":{"start":{"line":12,"column":1},"end":{"line":12,"column":13}}},"2":{"name":"(anonymous_2)","line":19,"loc":{"start":{"line":19,"column":5},"end":{"line":19,"column":17}}},"3":{"name":"(anonymous_3)","line":23,"loc":{"start":{"line":23,"column":24},"end":{"line":23,"column":36}}},"4":{"name":"(anonymous_4)","line":61,"loc":{"start":{"line":61,"column":5},"end":{"line":61,"column":17}}},"5":{"name":"(anonymous_5)","line":82,"loc":{"start":{"line":82,"column":5},"end":{"line":82,"column":17}}},"6":{"name":"(anonymous_6)","line":91,"loc":{"start":{"line":91,"column":77},"end":{"line":94,"column":10}}},"7":{"name":"(anonymous_7)","line":112,"loc":{"start":{"line":112,"column":83},"end":{"line":115,"column":10}},"skip":true},"8":{"name":"(anonymous_8)","line":123,"loc":{"start":{"line":123,"column":77},"end":{"line":126,"column":10}},"skip":true},"9":{"name":"(anonymous_9)","line":139,"loc":{"start":{"line":139,"column":12},"end":{"line":139,"column":40}},"skip":true},"10":{"name":"(anonymous_10)","line":147,"loc":{"start":{"line":147,"column":77},"end":{"line":150,"column":10}},"skip":true},"11":{"name":"(anonymous_11)","line":158,"loc":{"start":{"line":158,"column":83},"end":{"line":161,"column":10}},"skip":true},"12":{"name":"(anonymous_12)","line":169,"loc":{"start":{"line":169,"column":79},"end":{"line":172,"column":10}},"skip":true},"13":{"name":"(anonymous_13)","line":180,"loc":{"start":{"line":180,"column":75},"end":{"line":183,"column":10}},"skip":true}},"statementMap":{"1":{"start":{"line":12,"column":0},"end":{"line":195,"column":5}},"2":{"start":{"line":14,"column":4},"end":{"line":14,"column":14}},"3":{"start":{"line":19,"column":4},"end":{"line":56,"column":9}},"4":{"start":{"line":21,"column":8},"end":{"line":21,"column":19}},"5":{"start":{"line":23,"column":8},"end":{"line":35,"column":13}},"6":{"start":{"line":24,"column":12},"end":{"line":34,"column":13}},"7":{"start":{"line":25,"column":16},"end":{"line":28,"column":30}},"8":{"start":{"line":30,"column":16},"end":{"line":33,"column":27}},"9":{"start":{"line":37,"column":8},"end":{"line":39,"column":21}},"10":{"start":{"line":40,"column":8},"end":{"line":53,"column":9}},"11":{"start":{"line":43,"column":12},"end":{"line":46,"column":14}},"12":{"start":{"line":47,"column":12},"end":{"line":47,"column":18}},"13":{"start":{"line":50,"column":12},"end":{"line":51,"column":46}},"14":{"start":{"line":52,"column":12},"end":{"line":52,"column":18}},"15":{"start":{"line":55,"column":8},"end":{"line":55,"column":35}},"16":{"start":{"line":61,"column":4},"end":{"line":63,"column":9}},"17":{"start":{"line":62,"column":8},"end":{"line":62,"column":15}},"18":{"start":{"line":64,"column":4},"end":{"line":77,"column":5}},"19":{"start":{"line":70,"column":8},"end":{"line":70,"column":14}},"20":{"start":{"line":76,"column":8},"end":{"line":76,"column":14}},"21":{"start":{"line":82,"column":4},"end":{"line":84,"column":9}},"22":{"start":{"line":83,"column":8},"end":{"line":83,"column":15}},"23":{"start":{"line":85,"column":4},"end":{"line":194,"column":5}},"24":{"start":{"line":91,"column":8},"end":{"line":99,"column":10}},"25":{"start":{"line":98,"column":12},"end":{"line":98,"column":35}},"26":{"start":{"line":102,"column":8},"end":{"line":104,"column":63}},"27":{"start":{"line":105,"column":8},"end":{"line":105,"column":14}},"28":{"start":{"line":112,"column":8},"end":{"line":121,"column":10},"skip":true},"29":{"start":{"line":119,"column":12},"end":{"line":119,"column":55},"skip":true},"30":{"start":{"line":120,"column":12},"end":{"line":120,"column":48},"skip":true},"31":{"start":{"line":123,"column":8},"end":{"line":136,"column":10},"skip":true},"32":{"start":{"line":130,"column":12},"end":{"line":130,"column":76},"skip":true},"33":{"start":{"line":131,"column":12},"end":{"line":131,"column":73},"skip":true},"34":{"start":{"line":132,"column":12},"end":{"line":132,"column":74},"skip":true},"35":{"start":{"line":133,"column":12},"end":{"line":133,"column":79},"skip":true},"36":{"start":{"line":134,"column":12},"end":{"line":134,"column":25},"skip":true},"37":{"start":{"line":135,"column":12},"end":{"line":135,"column":45},"skip":true},"38":{"start":{"line":138,"column":8},"end":{"line":145,"column":14},"skip":true},"39":{"start":{"line":143,"column":16},"end":{"line":143,"column":29},"skip":true},"40":{"start":{"line":144,"column":16},"end":{"line":144,"column":55},"skip":true},"41":{"start":{"line":147,"column":8},"end":{"line":156,"column":10},"skip":true},"42":{"start":{"line":154,"column":12},"end":{"line":154,"column":25},"skip":true},"43":{"start":{"line":155,"column":12},"end":{"line":155,"column":45},"skip":true},"44":{"start":{"line":158,"column":8},"end":{"line":167,"column":10},"skip":true},"45":{"start":{"line":165,"column":12},"end":{"line":165,"column":25},"skip":true},"46":{"start":{"line":166,"column":12},"end":{"line":166,"column":48},"skip":true},"47":{"start":{"line":169,"column":8},"end":{"line":178,"column":10},"skip":true},"48":{"start":{"line":176,"column":12},"end":{"line":176,"column":25},"skip":true},"49":{"start":{"line":177,"column":12},"end":{"line":177,"column":46},"skip":true},"50":{"start":{"line":180,"column":8},"end":{"line":189,"column":10},"skip":true},"51":{"start":{"line":187,"column":12},"end":{"line":187,"column":94},"skip":true},"52":{"start":{"line":188,"column":12},"end":{"line":188,"column":48},"skip":true},"53":{"start":{"line":192,"column":8},"end":{"line":192,"column":35},"skip":true},"54":{"start":{"line":193,"column":8},"end":{"line":193,"column":14},"skip":true}},"branchMap":{"1":{"line":25,"type":"binary-expr","locations":[{"start":{"line":25,"column":23},"end":{"line":25,"column":62}},{"start":{"line":26,"column":20},"end":{"line":26,"column":70}},{"start":{"line":27,"column":20},"end":{"line":27,"column":71}},{"start":{"line":28,"column":20},"end":{"line":28,"column":29}}]},"2":{"line":30,"type":"binary-expr","locations":[{"start":{"line":30,"column":23},"end":{"line":30,"column":37}},{"start":{"line":31,"column":20},"end":{"line":31,"column":61}},{"start":{"line":32,"column":20},"end":{"line":32,"column":70}},{"start":{"line":33,"column":20},"end":{"line":33,"column":26}}]},"3":{"line":37,"type":"cond-expr","locations":[{"start":{"line":38,"column":14},"end":{"line":38,"column":20}},{"start":{"line":39,"column":14},"end":{"line":39,"column":20}}]},"4":{"line":40,"type":"switch","locations":[{"start":{"line":42,"column":8},"end":{"line":47,"column":18}},{"start":{"line":49,"column":8},"end":{"line":52,"column":18}}]},"5":{"line":44,"type":"binary-expr","locations":[{"start":{"line":44,"column":16},"end":{"line":44,"column":44}},{"start":{"line":44,"column":48},"end":{"line":44,"column":66}}]},"6":{"line":50,"type":"binary-expr","locations":[{"start":{"line":50,"column":21},"end":{"line":50,"column":49}},{"start":{"line":50,"column":53},"end":{"line":50,"column":72}}]},"7":{"line":64,"type":"switch","locations":[{"start":{"line":69,"column":4},"end":{"line":70,"column":14}},{"start":{"line":75,"column":4},"end":{"line":76,"column":14}}]},"8":{"line":85,"type":"switch","locations":[{"start":{"line":90,"column":4},"end":{"line":105,"column":14}},{"start":{"line":111,"column":4},"end":{"line":193,"column":14},"skip":true}]},"9":{"line":91,"type":"binary-expr","locations":[{"start":{"line":91,"column":42},"end":{"line":91,"column":73}},{"start":{"line":91,"column":77},"end":{"line":99,"column":9}}]},"10":{"line":102,"type":"binary-expr","locations":[{"start":{"line":102,"column":18},"end":{"line":102,"column":32}},{"start":{"line":103,"column":12},"end":{"line":103,"column":53}},{"start":{"line":104,"column":12},"end":{"line":104,"column":61}}]},"11":{"line":112,"type":"binary-expr","locations":[{"start":{"line":112,"column":45},"end":{"line":112,"column":79},"skip":true},{"start":{"line":112,"column":83},"end":{"line":121,"column":9},"skip":true}]},"12":{"line":123,"type":"binary-expr","locations":[{"start":{"line":123,"column":42},"end":{"line":123,"column":73},"skip":true},{"start":{"line":123,"column":77},"end":{"line":136,"column":9},"skip":true}]},"13":{"line":138,"type":"binary-expr","locations":[{"start":{"line":138,"column":48},"end":{"line":138,"column":85},"skip":true},{"start":{"line":139,"column":12},"end":{"line":145,"column":13},"skip":true}]},"14":{"line":147,"type":"binary-expr","locations":[{"start":{"line":147,"column":42},"end":{"line":147,"column":73},"skip":true},{"start":{"line":147,"column":77},"end":{"line":156,"column":9},"skip":true}]},"15":{"line":158,"type":"binary-expr","locations":[{"start":{"line":158,"column":45},"end":{"line":158,"column":79},"skip":true},{"start":{"line":158,"column":83},"end":{"line":167,"column":9},"skip":true}]},"16":{"line":169,"type":"binary-expr","locations":[{"start":{"line":169,"column":43},"end":{"line":169,"column":75},"skip":true},{"start":{"line":169,"column":79},"end":{"line":178,"column":9},"skip":true}]},"17":{"line":180,"type":"binary-expr","locations":[{"start":{"line":180,"column":41},"end":{"line":180,"column":71},"skip":true},{"start":{"line":180,"column":75},"end":{"line":189,"column":9},"skip":true}]}},"code":["/* istanbul instrument in package npmtest_preact */","/*jslint","    bitwise: true,","    browser: true,","    maxerr: 8,","    maxlen: 96,","    node: true,","    nomen: true,","    regexp: true,","    stupid: true","*/","(function () {","    'use strict';","    var local;","","","","    // run shared js-env code - pre-init","    (function () {","        // init local","        local = {};","        // init modeJs","        local.modeJs = (function () {","            try {","                return typeof navigator.userAgent === 'string' &&","                    typeof document.querySelector('body') === 'object' &&","                    typeof XMLHttpRequest.prototype.open === 'function' &&","                    'browser';","            } catch (errorCaughtBrowser) {","                return module.exports &&","                    typeof process.versions.node === 'string' &&","                    typeof require('http').createServer === 'function' &&","                    'node';","            }","        }());","        // init global","        local.global = local.modeJs === 'browser'","            ? window","            : global;","        switch (local.modeJs) {","        // re-init local from window.local","        case 'browser':","            local = local.global.utility2.objectSetDefault(","                local.global.utility2_rollup || local.global.local,","                local.global.utility2","            );","            break;","        // re-init local from example.js","        case 'node':","            local = (local.global.utility2_rollup || require('utility2'))","                .requireExampleJsFromReadme();","            break;","        }","        // export local","        local.global.local = local;","    }());","","","","    // run shared js-env code - function","    (function () {","        return;","    }());","    switch (local.modeJs) {","","","","    // run browser js-env code - function","    case 'browser':","        break;","","","","    // run node js-env code - function","    case 'node':","        break;","    }","","","","    // run shared js-env code - post-init","    (function () {","        return;","    }());","    switch (local.modeJs) {","","","","    // run browser js-env code - post-init","    case 'browser':","        local.testCase_browser_nullCase = local.testCase_browser_nullCase || function (","            options,","            onError","        ) {","        /*","         * this function will test browsers's null-case handling-behavior-behavior","         */","            onError(null, options);","        };","","        // run tests","        local.nop(local.modeTest &&","            document.querySelector('#testRunButton1') &&","            document.querySelector('#testRunButton1').click());","        break;","","","","    // run node js-env code - post-init","    /* istanbul ignore next */","    case 'node':","        local.testCase_buildApidoc_default = local.testCase_buildApidoc_default || function (","            options,","            onError","        ) {","        /*","         * this function will test buildApidoc's default handling-behavior-behavior","         */","            options = { modulePathList: module.paths };","            local.buildApidoc(options, onError);","        };","","        local.testCase_buildApp_default = local.testCase_buildApp_default || function (","            options,","            onError","        ) {","        /*","         * this function will test buildApp's default handling-behavior-behavior","         */","            local.testCase_buildReadme_default(options, local.onErrorThrow);","            local.testCase_buildLib_default(options, local.onErrorThrow);","            local.testCase_buildTest_default(options, local.onErrorThrow);","            local.testCase_buildCustomOrg_default(options, local.onErrorThrow);","            options = [];","            local.buildApp(options, onError);","        };","","        local.testCase_buildCustomOrg_default = local.testCase_buildCustomOrg_default ||","            function (options, onError) {","            /*","             * this function will test buildCustomOrg's default handling-behavior","             */","                options = {};","                local.buildCustomOrg(options, onError);","            };","","        local.testCase_buildLib_default = local.testCase_buildLib_default || function (","            options,","            onError","        ) {","        /*","         * this function will test buildLib's default handling-behavior","         */","            options = {};","            local.buildLib(options, onError);","        };","","        local.testCase_buildReadme_default = local.testCase_buildReadme_default || function (","            options,","            onError","        ) {","        /*","         * this function will test buildReadme's default handling-behavior-behavior","         */","            options = {};","            local.buildReadme(options, onError);","        };","","        local.testCase_buildTest_default = local.testCase_buildTest_default || function (","            options,","            onError","        ) {","        /*","         * this function will test buildTest's default handling-behavior","         */","            options = {};","            local.buildTest(options, onError);","        };","","        local.testCase_webpage_default = local.testCase_webpage_default || function (","            options,","            onError","        ) {","        /*","         * this function will test webpage's default handling-behavior","         */","            options = { modeCoverageMerge: true, url: local.serverLocalHost + '?modeTest=1' };","            local.browserTest(options, onError);","        };","","        // run test-server","        local.testRunServer(local);","        break;","    }","}());",""],"l":{"12":2,"14":2,"19":2,"21":2,"23":2,"24":2,"25":2,"30":1,"37":2,"40":2,"43":1,"47":1,"50":1,"52":1,"55":2,"61":2,"62":2,"64":2,"70":1,"76":1,"82":2,"83":2,"85":2,"91":1,"98":1,"102":1,"105":1,"112":1,"119":1,"120":1,"123":1,"130":1,"131":1,"132":1,"133":1,"134":1,"135":1,"138":1,"143":2,"144":2,"147":1,"154":2,"155":2,"158":1,"165":2,"166":2,"169":1,"176":2,"177":2,"180":1,"187":1,"188":1,"192":1,"193":1}},"/home/travis/build/npmtest/node-npmtest-preact/lib.npmtest_preact.js":{"path":"/home/travis/build/npmtest/node-npmtest-preact/lib.npmtest_preact.js","s":{"1":2,"2":2,"3":2,"4":2,"5":2,"6":2,"7":2,"8":1,"9":2,"10":2,"11":2,"12":2,"13":1,"14":1,"15":1,"16":1},"b":{"1":[2,1,1,1],"2":[1,1,1,1],"3":[1,1],"4":[2,2],"5":[1,1]},"f":{"1":2,"2":2,"3":2},"fnMap":{"1":{"name":"(anonymous_1)","line":12,"loc":{"start":{"line":12,"column":1},"end":{"line":12,"column":13}}},"2":{"name":"(anonymous_2)","line":19,"loc":{"start":{"line":19,"column":5},"end":{"line":19,"column":17}}},"3":{"name":"(anonymous_3)","line":23,"loc":{"start":{"line":23,"column":24},"end":{"line":23,"column":36}}}},"statementMap":{"1":{"start":{"line":12,"column":0},"end":{"line":53,"column":5}},"2":{"start":{"line":14,"column":4},"end":{"line":14,"column":14}},"3":{"start":{"line":19,"column":4},"end":{"line":52,"column":9}},"4":{"start":{"line":21,"column":8},"end":{"line":21,"column":19}},"5":{"start":{"line":23,"column":8},"end":{"line":35,"column":13}},"6":{"start":{"line":24,"column":12},"end":{"line":34,"column":13}},"7":{"start":{"line":25,"column":16},"end":{"line":28,"column":30}},"8":{"start":{"line":30,"column":16},"end":{"line":33,"column":27}},"9":{"start":{"line":37,"column":8},"end":{"line":39,"column":21}},"10":{"start":{"line":41,"column":8},"end":{"line":41,"column":54}},"11":{"start":{"line":43,"column":8},"end":{"line":43,"column":51}},"12":{"start":{"line":45,"column":8},"end":{"line":51,"column":9}},"13":{"start":{"line":46,"column":12},"end":{"line":46,"column":57}},"14":{"start":{"line":48,"column":12},"end":{"line":48,"column":35}},"15":{"start":{"line":49,"column":12},"end":{"line":49,"column":49}},"16":{"start":{"line":50,"column":12},"end":{"line":50,"column":43}}},"branchMap":{"1":{"line":25,"type":"binary-expr","locations":[{"start":{"line":25,"column":23},"end":{"line":25,"column":62}},{"start":{"line":26,"column":20},"end":{"line":26,"column":70}},{"start":{"line":27,"column":20},"end":{"line":27,"column":71}},{"start":{"line":28,"column":20},"end":{"line":28,"column":29}}]},"2":{"line":30,"type":"binary-expr","locations":[{"start":{"line":30,"column":23},"end":{"line":30,"column":37}},{"start":{"line":31,"column":20},"end":{"line":31,"column":61}},{"start":{"line":32,"column":20},"end":{"line":32,"column":70}},{"start":{"line":33,"column":20},"end":{"line":33,"column":26}}]},"3":{"line":37,"type":"cond-expr","locations":[{"start":{"line":38,"column":14},"end":{"line":38,"column":20}},{"start":{"line":39,"column":14},"end":{"line":39,"column":20}}]},"4":{"line":41,"type":"binary-expr","locations":[{"start":{"line":41,"column":16},"end":{"line":41,"column":44}},{"start":{"line":41,"column":48},"end":{"line":41,"column":53}}]},"5":{"line":45,"type":"if","locations":[{"start":{"line":45,"column":8},"end":{"line":45,"column":8}},{"start":{"line":45,"column":8},"end":{"line":45,"column":8}}]}},"code":["/* istanbul instrument in package npmtest_preact */","/*jslint","    bitwise: true,","    browser: true,","    maxerr: 8,","    maxlen: 96,","    node: true,","    nomen: true,","    regexp: true,","    stupid: true","*/","(function () {","    'use strict';","    var local;","","","","    // run shared js-env code - pre-init","    (function () {","        // init local","        local = {};","        // init modeJs","        local.modeJs = (function () {","            try {","                return typeof navigator.userAgent === 'string' &&","                    typeof document.querySelector('body') === 'object' &&","                    typeof XMLHttpRequest.prototype.open === 'function' &&","                    'browser';","            } catch (errorCaughtBrowser) {","                return module.exports &&","                    typeof process.versions.node === 'string' &&","                    typeof require('http').createServer === 'function' &&","                    'node';","            }","        }());","        // init global","        local.global = local.modeJs === 'browser'","            ? window","            : global;","        // init utility2_rollup","        local = local.global.utility2_rollup || local;","        // init lib","        local.local = local.npmtest_preact = local;","        // init exports","        if (local.modeJs === 'browser') {","            local.global.utility2_npmtest_preact = local;","        } else {","            module.exports = local;","            module.exports.__dirname = __dirname;","            module.exports.module = module;","        }","    }());","}());",""],"l":{"12":2,"14":2,"19":2,"21":2,"23":2,"24":2,"25":2,"30":1,"37":2,"41":2,"43":2,"45":2,"46":1,"48":1,"49":1,"50":1}},"/home/travis/build/npmtest/node-npmtest-preact/example.js":{"path":"/home/travis/build/npmtest/node-npmtest-preact/example.js","s":{"1":2,"2":2,"3":2,"4":2,"5":2,"6":2,"7":2,"8":1,"9":2,"10":2,"11":2,"12":2,"13":1,"14":2,"15":2,"16":2,"17":2,"18":2,"19":0,"20":2,"21":1,"22":1,"23":1,"24":1,"25":1,"26":0,"27":0,"28":1,"29":1,"30":2,"31":0,"32":0,"33":0,"34":1,"35":2,"36":2,"37":3,"38":3,"39":3,"40":3,"41":0,"42":3,"43":3,"44":3,"45":1,"46":3,"47":1,"48":1,"49":1,"50":1,"51":1,"52":1,"53":1,"54":1,"55":1,"56":1,"57":0,"58":1,"59":6,"60":6,"61":1,"62":2,"63":0,"64":2,"65":1,"66":1,"67":0,"68":0,"69":0,"70":0,"71":0,"72":0,"73":0,"74":0,"75":0,"76":0,"77":0,"78":0,"79":0,"80":0,"81":0,"82":0,"83":0},"b":{"1":[2,1,1,1],"2":[1,1,1,1],"3":[1,1],"4":[2,2],"5":[1,1],"6":[1,1],"7":[2,0],"8":[2,1,1,1,1,1],"9":[0,2,0],"10":[1,1],"11":[2,1,1],"12":[1,0],"13":[0,2],"14":[2,0,0,0,0,0,0],"15":[0,3],"16":[3,0],"17":[1,1],"18":[0,1],"19":[1,2,0,2],"20":[1,0],"21":[1,1],"22":[0,0],"23":[0,0],"24":[0,0],"25":[0,0],"26":[0,0],"27":[0,0],"28":[0,0]},"f":{"1":2,"2":2,"3":2,"4":2,"5":2,"6":2,"7":3,"8":3,"9":3,"10":1,"11":6,"12":0},"fnMap":{"1":{"name":"(anonymous_1)","line":26,"loc":{"start":{"line":26,"column":1},"end":{"line":26,"column":13}}},"2":{"name":"(anonymous_2)","line":33,"loc":{"start":{"line":33,"column":5},"end":{"line":33,"column":17}}},"3":{"name":"(anonymous_3)","line":37,"loc":{"start":{"line":37,"column":24},"end":{"line":37,"column":36}}},"4":{"name":"(anonymous_4)","line":69,"loc":{"start":{"line":69,"column":31},"end":{"line":69,"column":48}},"skip":true},"5":{"name":"(anonymous_5)","line":78,"loc":{"start":{"line":78,"column":26},"end":{"line":78,"column":45}},"skip":true},"6":{"name":"(anonymous_6)","line":123,"loc":{"start":{"line":123,"column":33},"end":{"line":123,"column":48}},"skip":true},"7":{"name":"(anonymous_7)","line":125,"loc":{"start":{"line":125,"column":27},"end":{"line":125,"column":39}},"skip":true},"8":{"name":"(anonymous_8)","line":133,"loc":{"start":{"line":133,"column":59},"end":{"line":133,"column":74}},"skip":true},"9":{"name":"(anonymous_9)","line":143,"loc":{"start":{"line":143,"column":45},"end":{"line":143,"column":62}},"skip":true},"10":{"name":"(anonymous_10)","line":144,"loc":{"start":{"line":144,"column":73},"end":{"line":144,"column":92}},"skip":true},"11":{"name":"(anonymous_11)","line":272,"loc":{"start":{"line":272,"column":51},"end":{"line":272,"column":77}},"skip":true},"12":{"name":"(anonymous_12)","line":314,"loc":{"start":{"line":314,"column":32},"end":{"line":314,"column":61}},"skip":true}},"statementMap":{"1":{"start":{"line":26,"column":0},"end":{"line":325,"column":5}},"2":{"start":{"line":28,"column":4},"end":{"line":28,"column":14}},"3":{"start":{"line":33,"column":4},"end":{"line":60,"column":9}},"4":{"start":{"line":35,"column":8},"end":{"line":35,"column":19}},"5":{"start":{"line":37,"column":8},"end":{"line":49,"column":13}},"6":{"start":{"line":38,"column":12},"end":{"line":48,"column":13}},"7":{"start":{"line":39,"column":16},"end":{"line":42,"column":30}},"8":{"start":{"line":44,"column":16},"end":{"line":47,"column":27}},"9":{"start":{"line":51,"column":8},"end":{"line":53,"column":21}},"10":{"start":{"line":55,"column":8},"end":{"line":57,"column":45}},"11":{"start":{"line":59,"column":8},"end":{"line":59,"column":35}},"12":{"start":{"line":61,"column":4},"end":{"line":324,"column":5}},"13":{"start":{"line":69,"column":8},"end":{"line":121,"column":10},"skip":true},"14":{"start":{"line":70,"column":12},"end":{"line":88,"column":13},"skip":true},"15":{"start":{"line":76,"column":16},"end":{"line":87,"column":19},"skip":true},"16":{"start":{"line":79,"column":20},"end":{"line":86,"column":21},"skip":true},"17":{"start":{"line":82,"column":24},"end":{"line":82,"column":43},"skip":true},"18":{"start":{"line":83,"column":24},"end":{"line":83,"column":30},"skip":true},"19":{"start":{"line":85,"column":24},"end":{"line":85,"column":49},"skip":true},"20":{"start":{"line":89,"column":12},"end":{"line":107,"column":13},"skip":true},"21":{"start":{"line":92,"column":16},"end":{"line":102,"column":17},"skip":true},"22":{"start":{"line":93,"column":20},"end":{"line":93,"column":86},"skip":true},"23":{"start":{"line":94,"column":20},"end":{"line":95,"column":45},"skip":true},"24":{"start":{"line":96,"column":20},"end":{"line":96,"column":42},"skip":true},"25":{"start":{"line":97,"column":20},"end":{"line":97,"column":48},"skip":true},"26":{"start":{"line":100,"column":20},"end":{"line":100,"column":85},"skip":true},"27":{"start":{"line":101,"column":20},"end":{"line":101,"column":96},"skip":true},"28":{"start":{"line":103,"column":16},"end":{"line":103,"column":22},"skip":true},"29":{"start":{"line":106,"column":16},"end":{"line":106,"column":22},"skip":true},"30":{"start":{"line":108,"column":12},"end":{"line":120,"column":13},"skip":true},"31":{"start":{"line":114,"column":16},"end":{"line":119,"column":17},"skip":true},"32":{"start":{"line":116,"column":20},"end":{"line":116,"column":78},"skip":true},"33":{"start":{"line":118,"column":20},"end":{"line":118,"column":47},"skip":true},"34":{"start":{"line":123,"column":8},"end":{"line":141,"column":11},"skip":true},"35":{"start":{"line":124,"column":12},"end":{"line":124,"column":54},"skip":true},"36":{"start":{"line":125,"column":12},"end":{"line":140,"column":14},"skip":true},"37":{"start":{"line":126,"column":16},"end":{"line":126,"column":28},"skip":true},"38":{"start":{"line":127,"column":16},"end":{"line":127,"column":69},"skip":true},"39":{"start":{"line":128,"column":16},"end":{"line":128,"column":75},"skip":true},"40":{"start":{"line":129,"column":16},"end":{"line":131,"column":17},"skip":true},"41":{"start":{"line":130,"column":20},"end":{"line":130,"column":27},"skip":true},"42":{"start":{"line":133,"column":16},"end":{"line":137,"column":36},"skip":true},"43":{"start":{"line":134,"column":20},"end":{"line":136,"column":55},"skip":true},"44":{"start":{"line":139,"column":16},"end":{"line":139,"column":57},"skip":true},"45":{"start":{"line":143,"column":8},"end":{"line":147,"column":11},"skip":true},"46":{"start":{"line":144,"column":12},"end":{"line":146,"column":15},"skip":true},"47":{"start":{"line":145,"column":16},"end":{"line":145,"column":70},"skip":true},"48":{"start":{"line":149,"column":8},"end":{"line":149,"column":31},"skip":true},"49":{"start":{"line":150,"column":8},"end":{"line":150,"column":14},"skip":true},"50":{"start":{"line":158,"column":8},"end":{"line":158,"column":31},"skip":true},"51":{"start":{"line":160,"column":8},"end":{"line":160,"column":33},"skip":true},"52":{"start":{"line":161,"column":8},"end":{"line":161,"column":37},"skip":true},"53":{"start":{"line":162,"column":8},"end":{"line":162,"column":35},"skip":true},"54":{"start":{"line":164,"column":8},"end":{"line":164,"column":50},"skip":true},"55":{"start":{"line":166,"column":8},"end":{"line":256,"column":2},"skip":true},"56":{"start":{"line":258,"column":8},"end":{"line":286,"column":9},"skip":true},"57":{"start":{"line":259,"column":12},"end":{"line":269,"column":14},"skip":true},"58":{"start":{"line":271,"column":12},"end":{"line":285,"column":19},"skip":true},"59":{"start":{"line":274,"column":20},"end":{"line":274,"column":35},"skip":true},"60":{"start":{"line":275,"column":20},"end":{"line":284,"column":21},"skip":true},"61":{"start":{"line":277,"column":24},"end":{"line":277,"column":64},"skip":true},"62":{"start":{"line":279,"column":24},"end":{"line":279,"column":40},"skip":true},"63":{"start":{"line":281,"column":24},"end":{"line":281,"column":40},"skip":true},"64":{"start":{"line":283,"column":24},"end":{"line":283,"column":39},"skip":true},"65":{"start":{"line":288,"column":8},"end":{"line":290,"column":9},"skip":true},"66":{"start":{"line":289,"column":12},"end":{"line":289,"column":18},"skip":true},"67":{"start":{"line":291,"column":8},"end":{"line":293,"column":54},"skip":true},"68":{"start":{"line":294,"column":8},"end":{"line":301,"column":37},"skip":true},"69":{"start":{"line":302,"column":8},"end":{"line":302,"column":82},"skip":true},"70":{"start":{"line":305,"column":8},"end":{"line":307,"column":9},"skip":true},"71":{"start":{"line":306,"column":12},"end":{"line":306,"column":82},"skip":true},"72":{"start":{"line":309,"column":8},"end":{"line":311,"column":9},"skip":true},"73":{"start":{"line":310,"column":12},"end":{"line":310,"column":18},"skip":true},"74":{"start":{"line":312,"column":8},"end":{"line":312,"column":54},"skip":true},"75":{"start":{"line":313,"column":8},"end":{"line":313,"column":69},"skip":true},"76":{"start":{"line":314,"column":8},"end":{"line":322,"column":36},"skip":true},"77":{"start":{"line":315,"column":12},"end":{"line":315,"column":61},"skip":true},"78":{"start":{"line":316,"column":12},"end":{"line":319,"column":13},"skip":true},"79":{"start":{"line":317,"column":16},"end":{"line":317,"column":75},"skip":true},"80":{"start":{"line":318,"column":16},"end":{"line":318,"column":23},"skip":true},"81":{"start":{"line":320,"column":12},"end":{"line":320,"column":38},"skip":true},"82":{"start":{"line":321,"column":12},"end":{"line":321,"column":27},"skip":true},"83":{"start":{"line":323,"column":8},"end":{"line":323,"column":14},"skip":true}},"branchMap":{"1":{"line":39,"type":"binary-expr","locations":[{"start":{"line":39,"column":23},"end":{"line":39,"column":62}},{"start":{"line":40,"column":20},"end":{"line":40,"column":70}},{"start":{"line":41,"column":20},"end":{"line":41,"column":71}},{"start":{"line":42,"column":20},"end":{"line":42,"column":29}}]},"2":{"line":44,"type":"binary-expr","locations":[{"start":{"line":44,"column":23},"end":{"line":44,"column":37}},{"start":{"line":45,"column":20},"end":{"line":45,"column":61}},{"start":{"line":46,"column":20},"end":{"line":46,"column":70}},{"start":{"line":47,"column":20},"end":{"line":47,"column":26}}]},"3":{"line":51,"type":"cond-expr","locations":[{"start":{"line":52,"column":14},"end":{"line":52,"column":20}},{"start":{"line":53,"column":14},"end":{"line":53,"column":20}}]},"4":{"line":55,"type":"binary-expr","locations":[{"start":{"line":55,"column":16},"end":{"line":55,"column":44}},{"start":{"line":55,"column":49},"end":{"line":57,"column":43}}]},"5":{"line":55,"type":"cond-expr","locations":[{"start":{"line":56,"column":14},"end":{"line":56,"column":50}},{"start":{"line":57,"column":14},"end":{"line":57,"column":43}}]},"6":{"line":61,"type":"switch","locations":[{"start":{"line":68,"column":4},"end":{"line":150,"column":14},"skip":true},{"start":{"line":156,"column":4},"end":{"line":323,"column":14},"skip":true}]},"7":{"line":70,"type":"if","locations":[{"start":{"line":70,"column":12},"end":{"line":70,"column":12},"skip":true},{"start":{"line":70,"column":12},"end":{"line":70,"column":12},"skip":true}]},"8":{"line":70,"type":"binary-expr","locations":[{"start":{"line":70,"column":16},"end":{"line":70,"column":22},"skip":true},{"start":{"line":70,"column":27},"end":{"line":70,"column":32},"skip":true},{"start":{"line":71,"column":20},"end":{"line":71,"column":39},"skip":true},{"start":{"line":72,"column":20},"end":{"line":72,"column":49},"skip":true},{"start":{"line":73,"column":20},"end":{"line":73,"column":58},"skip":true},{"start":{"line":74,"column":20},"end":{"line":74,"column":69},"skip":true}]},"9":{"line":79,"type":"switch","locations":[{"start":{"line":80,"column":20},"end":{"line":80,"column":33},"skip":true},{"start":{"line":81,"column":20},"end":{"line":83,"column":30},"skip":true},{"start":{"line":84,"column":20},"end":{"line":85,"column":49},"skip":true}]},"10":{"line":89,"type":"switch","locations":[{"start":{"line":90,"column":12},"end":{"line":103,"column":22},"skip":true},{"start":{"line":105,"column":12},"end":{"line":106,"column":22},"skip":true}]},"11":{"line":89,"type":"binary-expr","locations":[{"start":{"line":89,"column":20},"end":{"line":89,"column":25},"skip":true},{"start":{"line":89,"column":29},"end":{"line":89,"column":48},"skip":true},{"start":{"line":89,"column":52},"end":{"line":89,"column":74},"skip":true}]},"12":{"line":92,"type":"if","locations":[{"start":{"line":92,"column":16},"end":{"line":92,"column":16},"skip":true},{"start":{"line":92,"column":16},"end":{"line":92,"column":16},"skip":true}]},"13":{"line":108,"type":"if","locations":[{"start":{"line":108,"column":12},"end":{"line":108,"column":12},"skip":true},{"start":{"line":108,"column":12},"end":{"line":108,"column":12},"skip":true}]},"14":{"line":108,"type":"binary-expr","locations":[{"start":{"line":108,"column":16},"end":{"line":108,"column":61},"skip":true},{"start":{"line":108,"column":66},"end":{"line":108,"column":72},"skip":true},{"start":{"line":108,"column":77},"end":{"line":108,"column":82},"skip":true},{"start":{"line":109,"column":20},"end":{"line":109,"column":39},"skip":true},{"start":{"line":110,"column":20},"end":{"line":110,"column":49},"skip":true},{"start":{"line":111,"column":20},"end":{"line":111,"column":58},"skip":true},{"start":{"line":112,"column":20},"end":{"line":112,"column":68},"skip":true}]},"15":{"line":129,"type":"if","locations":[{"start":{"line":129,"column":16},"end":{"line":129,"column":16},"skip":true},{"start":{"line":129,"column":16},"end":{"line":129,"column":16},"skip":true}]},"16":{"line":134,"type":"cond-expr","locations":[{"start":{"line":135,"column":26},"end":{"line":135,"column":29},"skip":true},{"start":{"line":136,"column":26},"end":{"line":136,"column":54},"skip":true}]},"17":{"line":164,"type":"binary-expr","locations":[{"start":{"line":164,"column":27},"end":{"line":164,"column":43},"skip":true},{"start":{"line":164,"column":47},"end":{"line":164,"column":49},"skip":true}]},"18":{"line":258,"type":"if","locations":[{"start":{"line":258,"column":8},"end":{"line":258,"column":8},"skip":true},{"start":{"line":258,"column":8},"end":{"line":258,"column":8},"skip":true}]},"19":{"line":275,"type":"switch","locations":[{"start":{"line":276,"column":20},"end":{"line":277,"column":64},"skip":true},{"start":{"line":278,"column":20},"end":{"line":279,"column":40},"skip":true},{"start":{"line":280,"column":20},"end":{"line":281,"column":40},"skip":true},{"start":{"line":282,"column":20},"end":{"line":283,"column":39},"skip":true}]},"20":{"line":288,"type":"if","locations":[{"start":{"line":288,"column":8},"end":{"line":288,"column":8},"skip":true},{"start":{"line":288,"column":8},"end":{"line":288,"column":8},"skip":true}]},"21":{"line":288,"type":"binary-expr","locations":[{"start":{"line":288,"column":12},"end":{"line":288,"column":40},"skip":true},{"start":{"line":288,"column":44},"end":{"line":288,"column":67},"skip":true}]},"22":{"line":292,"type":"binary-expr","locations":[{"start":{"line":292,"column":12},"end":{"line":292,"column":50},"skip":true},{"start":{"line":293,"column":12},"end":{"line":293,"column":53},"skip":true}]},"23":{"line":295,"type":"binary-expr","locations":[{"start":{"line":295,"column":12},"end":{"line":295,"column":64},"skip":true},{"start":{"line":296,"column":12},"end":{"line":301,"column":36},"skip":true}]},"24":{"line":302,"type":"binary-expr","locations":[{"start":{"line":302,"column":43},"end":{"line":302,"column":75},"skip":true},{"start":{"line":302,"column":79},"end":{"line":302,"column":81},"skip":true}]},"25":{"line":305,"type":"if","locations":[{"start":{"line":305,"column":8},"end":{"line":305,"column":8},"skip":true},{"start":{"line":305,"column":8},"end":{"line":305,"column":8},"skip":true}]},"26":{"line":309,"type":"if","locations":[{"start":{"line":309,"column":8},"end":{"line":309,"column":8},"skip":true},{"start":{"line":309,"column":8},"end":{"line":309,"column":8},"skip":true}]},"27":{"line":312,"type":"binary-expr","locations":[{"start":{"line":312,"column":27},"end":{"line":312,"column":43},"skip":true},{"start":{"line":312,"column":47},"end":{"line":312,"column":53},"skip":true}]},"28":{"line":316,"type":"if","locations":[{"start":{"line":316,"column":12},"end":{"line":316,"column":12},"skip":true},{"start":{"line":316,"column":12},"end":{"line":316,"column":12},"skip":true}]}},"code":["/*","example.js","","quickstart example","","instruction","    1. save this script as example.js","    2. run the shell command:","        $ npm install npmtest-preact && PORT=8081 node example.js","    3. play with the browser-demo on http://127.0.0.1:8081","*/","","","","/* istanbul instrument in package npmtest_preact */","/*jslint","    bitwise: true,","    browser: true,","    maxerr: 8,","    maxlen: 96,","    node: true,","    nomen: true,","    regexp: true,","    stupid: true","*/","(function () {","    'use strict';","    var local;","","","","    // run shared js-env code - pre-init","    (function () {","        // init local","        local = {};","        // init modeJs","        local.modeJs = (function () {","            try {","                return typeof navigator.userAgent === 'string' &&","                    typeof document.querySelector('body') === 'object' &&","                    typeof XMLHttpRequest.prototype.open === 'function' &&","                    'browser';","            } catch (errorCaughtBrowser) {","                return module.exports &&","                    typeof process.versions.node === 'string' &&","                    typeof require('http').createServer === 'function' &&","                    'node';","            }","        }());","        // init global","        local.global = local.modeJs === 'browser'","            ? window","            : global;","        // init utility2_rollup","        local = local.global.utility2_rollup || (local.modeJs === 'browser'","            ? local.global.utility2_npmtest_preact","            : global.utility2_moduleExports);","        // export local","        local.global.local = local;","    }());","    switch (local.modeJs) {","","","","    // post-init","    // run browser js-env code - post-init","    /* istanbul ignore next */","    case 'browser':","        local.testRunBrowser = function (event) {","            if (!event || (event &&","                    event.currentTarget &&","                    event.currentTarget.className &&","                    event.currentTarget.className.includes &&","                    event.currentTarget.className.includes('onreset'))) {","                // reset output","                Array.from(","                    document.querySelectorAll('body > .resettable')","                ).forEach(function (element) {","                    switch (element.tagName) {","                    case 'INPUT':","                    case 'TEXTAREA':","                        element.value = '';","                        break;","                    default:","                        element.textContent = '';","                    }","                });","            }","            switch (event && event.currentTarget && event.currentTarget.id) {","            case 'testRunButton1':","                // show tests","                if (document.querySelector('#testReportDiv1').style.display === 'none') {","                    document.querySelector('#testReportDiv1').style.display = 'block';","                    document.querySelector('#testRunButton1').textContent =","                        'hide internal test';","                    local.modeTest = true;","                    local.testRunDefault(local);","                // hide tests","                } else {","                    document.querySelector('#testReportDiv1').style.display = 'none';","                    document.querySelector('#testRunButton1').textContent = 'run internal test';","                }","                break;","            // custom-case","            default:","                break;","            }","            if (document.querySelector('#inputTextareaEval1') && (!event || (event &&","                    event.currentTarget &&","                    event.currentTarget.className &&","                    event.currentTarget.className.includes &&","                    event.currentTarget.className.includes('oneval')))) {","                // try to eval input-code","                try {","                    /*jslint evil: true*/","                    eval(document.querySelector('#inputTextareaEval1').value);","                } catch (errorCaught) {","                    console.error(errorCaught);","                }","            }","        };","        // log stderr and stdout to #outputTextareaStdout1","        ['error', 'log'].forEach(function (key) {","            console[key + '_original'] = console[key];","            console[key] = function () {","                var element;","                console[key + '_original'].apply(console, arguments);","                element = document.querySelector('#outputTextareaStdout1');","                if (!element) {","                    return;","                }","                // append text to #outputTextareaStdout1","                element.value += Array.from(arguments).map(function (arg) {","                    return typeof arg === 'string'","                        ? arg","                        : JSON.stringify(arg, null, 4);","                }).join(' ') + '\\n';","                // scroll textarea to bottom","                element.scrollTop = element.scrollHeight;","            };","        });","        // init event-handling","        ['change', 'click', 'keyup'].forEach(function (event) {","            Array.from(document.querySelectorAll('.on' + event)).forEach(function (element) {","                element.addEventListener(event, local.testRunBrowser);","            });","        });","        // run tests","        local.testRunBrowser();","        break;","","","","    // run node js-env code - post-init","    /* istanbul ignore next */","    case 'node':","        // export local","        module.exports = local;","        // require modules","        local.fs = require('fs');","        local.http = require('http');","        local.url = require('url');","        // init assets","        local.assetsDict = local.assetsDict || {};","        /* jslint-ignore-begin */","        local.assetsDict['/assets.index.template.html'] = '\\","<!doctype html>\\n\\","<html lang=\"en\">\\n\\","<head>\\n\\","<meta charset=\"UTF-8\">\\n\\","<meta name=\"viewport\" content=\"width=device-width, initial-scale=1\">\\n\\","<title>{{env.npm_package_name}} (v{{env.npm_package_version}})</title>\\n\\","<style>\\n\\","/*csslint\\n\\","    box-sizing: false,\\n\\","    universal-selector: false\\n\\","*/\\n\\","* {\\n\\","    box-sizing: border-box;\\n\\","}\\n\\","body {\\n\\","    background: #dde;\\n\\","    font-family: Arial, Helvetica, sans-serif;\\n\\","    margin: 2rem;\\n\\","}\\n\\","body > * {\\n\\","    margin-bottom: 1rem;\\n\\","}\\n\\",".utility2FooterDiv {\\n\\","    margin-top: 20px;\\n\\","    text-align: center;\\n\\","}\\n\\","</style>\\n\\","<style>\\n\\","/*csslint\\n\\","*/\\n\\","textarea {\\n\\","    font-family: monospace;\\n\\","    height: 10rem;\\n\\","    width: 100%;\\n\\","}\\n\\","textarea[readonly] {\\n\\","    background: #ddd;\\n\\","}\\n\\","</style>\\n\\","</head>\\n\\","<body>\\n\\","<!-- utility2-comment\\n\\","<div id=\"ajaxProgressDiv1\" style=\"background: #d00; height: 2px; left: 0; margin: 0; padding: 0; position: fixed; top: 0; transition: background 0.5s, width 1.5s; width: 25%;\"></div>\\n\\","utility2-comment -->\\n\\","<h1>\\n\\","<!-- utility2-comment\\n\\","    <a\\n\\","        {{#if env.npm_package_homepage}}\\n\\","        href=\"{{env.npm_package_homepage}}\"\\n\\","        {{/if env.npm_package_homepage}}\\n\\","        target=\"_blank\"\\n\\","    >\\n\\","utility2-comment -->\\n\\","        {{env.npm_package_name}} (v{{env.npm_package_version}})\\n\\","<!-- utility2-comment\\n\\","    </a>\\n\\","utility2-comment -->\\n\\","</h1>\\n\\","<h3>{{env.npm_package_description}}</h3>\\n\\","<!-- utility2-comment\\n\\","<h4><a download href=\"assets.app.js\">download standalone app</a></h4>\\n\\","<button class=\"onclick onreset\" id=\"testRunButton1\">run internal test</button><br>\\n\\","<div id=\"testReportDiv1\" style=\"display: none;\"></div>\\n\\","utility2-comment -->\\n\\","\\n\\","\\n\\","\\n\\","<label>stderr and stdout</label>\\n\\","<textarea class=\"resettable\" id=\"outputTextareaStdout1\" readonly></textarea>\\n\\","<!-- utility2-comment\\n\\","{{#if isRollup}}\\n\\","<script src=\"assets.app.js\"></script>\\n\\","{{#unless isRollup}}\\n\\","utility2-comment -->\\n\\","<script src=\"assets.utility2.rollup.js\"></script>\\n\\","<script src=\"jsonp.utility2._stateInit?callback=window.utility2._stateInit\"></script>\\n\\","<script src=\"assets.npmtest_preact.rollup.js\"></script>\\n\\","<script src=\"assets.example.js\"></script>\\n\\","<script src=\"assets.test.js\"></script>\\n\\","<!-- utility2-comment\\n\\","{{/if isRollup}}\\n\\","utility2-comment -->\\n\\","<div class=\"utility2FooterDiv\">\\n\\","    [ this app was created with\\n\\","    <a href=\"https://github.com/kaizhu256/node-utility2\" target=\"_blank\">utility2</a>\\n\\","    ]\\n\\","</div>\\n\\","</body>\\n\\","</html>\\n\\","';","        /* jslint-ignore-end */","        if (local.templateRender) {","            local.assetsDict['/'] = local.templateRender(","                local.assetsDict['/assets.index.template.html'],","                {","                    env: local.objectSetDefault(local.env, {","                        npm_package_description: 'the greatest app in the world!',","                        npm_package_name: 'my-app',","                        npm_package_nameAlias: 'my_app',","                        npm_package_version: '0.0.1'","                    })","                }","            );","        } else {","            local.assetsDict['/'] = local.assetsDict['/assets.index.template.html']","                .replace((/\\{\\{env\\.(\\w+?)\\}\\}/g), function (match0, match1) {","                    // jslint-hack","                    String(match0);","                    switch (match1) {","                    case 'npm_package_description':","                        return 'the greatest app in the world!';","                    case 'npm_package_name':","                        return 'my-app';","                    case 'npm_package_nameAlias':","                        return 'my_app';","                    case 'npm_package_version':","                        return '0.0.1';","                    }","                });","        }","        // run the cli","        if (local.global.utility2_rollup || module !== require.main) {","            break;","        }","        local.assetsDict['/assets.example.js'] =","            local.assetsDict['/assets.example.js'] ||","            local.fs.readFileSync(__filename, 'utf8');","        local.assetsDict['/assets.npmtest_preact.rollup.js'] =","            local.assetsDict['/assets.npmtest_preact.rollup.js'] ||","            local.fs.readFileSync(","                // buildCustomOrg-hack","                local.npmtest_preact.__dirname +","                    '/lib.npmtest_preact.js',","                'utf8'","            ).replace((/^#!/), '//');","        local.assetsDict['/favicon.ico'] = local.assetsDict['/favicon.ico'] || '';","        // if $npm_config_timeout_exit exists,","        // then exit this process after $npm_config_timeout_exit ms","        if (Number(process.env.npm_config_timeout_exit)) {","            setTimeout(process.exit, Number(process.env.npm_config_timeout_exit));","        }","        // start server","        if (local.global.utility2_serverHttp1) {","            break;","        }","        process.env.PORT = process.env.PORT || '8081';","        console.error('server starting on port ' + process.env.PORT);","        local.http.createServer(function (request, response) {","            request.urlParsed = local.url.parse(request.url);","            if (local.assetsDict[request.urlParsed.pathname] !== undefined) {","                response.end(local.assetsDict[request.urlParsed.pathname]);","                return;","            }","            response.statusCode = 404;","            response.end();","        }).listen(process.env.PORT);","        break;","    }","}());",""],"l":{"26":2,"28":2,"33":2,"35":2,"37":2,"38":2,"39":2,"44":1,"51":2,"55":2,"59":2,"61":2,"69":1,"70":2,"76":2,"79":2,"82":2,"83":2,"85":1,"89":2,"92":1,"93":1,"94":1,"96":1,"97":1,"100":1,"101":1,"103":1,"106":1,"108":2,"114":1,"116":1,"118":1,"123":1,"124":2,"125":2,"126":3,"127":3,"128":3,"129":3,"130":1,"133":3,"134":3,"139":3,"143":1,"144":3,"145":1,"149":1,"150":1,"158":1,"160":1,"161":1,"162":1,"164":1,"166":1,"258":1,"259":1,"271":1,"274":6,"275":6,"277":1,"279":2,"281":1,"283":2,"288":1,"289":1,"291":1,"294":1,"302":1,"305":1,"306":1,"309":1,"310":1,"312":1,"313":1,"314":1,"315":1,"316":1,"317":1,"318":1,"320":1,"321":1,"323":1}},"/home/travis/build/npmtest/node-npmtest-preact/node_modules/preact/dist/preact.js":{"path":"/home/travis/build/npmtest/node-npmtest-preact/node_modules/preact/dist/preact.js","s":{"1":1,"2":1,"3":1,"4":0,"5":0,"6":0,"7":0,"8":0,"9":0,"10":0,"11":0,"12":0,"13":0,"14":0,"15":0,"16":0,"17":0,"18":0,"19":0,"20":0,"21":0,"22":0,"23":0,"24":0,"25":0,"26":0,"27":0,"28":0,"29":0,"30":0,"31":0,"32":0,"33":0,"34":0,"35":0,"36":0,"37":0,"38":1,"39":1,"40":3,"41":1,"42":1,"43":0,"44":1,"45":0,"46":0,"47":1,"48":0,"49":0,"50":0,"51":0,"52":0,"53":1,"54":0,"55":0,"56":0,"57":0,"58":0,"59":1,"60":0,"61":1,"62":0,"63":0,"64":0,"65":0,"66":0,"67":0,"68":0,"69":0,"70":1,"71":0,"72":0,"73":0,"74":1,"75":0,"76":0,"77":1,"78":0,"79":0,"80":0,"81":0,"82":0,"83":0,"84":0,"85":0,"86":0,"87":0,"88":0,"89":0,"90":0,"91":0,"92":0,"93":0,"94":0,"95":0,"96":0,"97":0,"98":0,"99":0,"100":0,"101":0,"102":0,"103":0,"104":0,"105":0,"106":0,"107":0,"108":0,"109":0,"110":0,"111":0,"112":0,"113":0,"114":0,"115":0,"116":0,"117":0,"118":0,"119":0,"120":0,"121":0,"122":1,"123":0,"124":0,"125":1,"126":0,"127":1,"128":0,"129":0,"130":0,"131":0,"132":0,"133":0,"134":1,"135":0,"136":0,"137":0,"138":0,"139":0,"140":0,"141":0,"142":0,"143":0,"144":0,"145":0,"146":1,"147":0,"148":0,"149":0,"150":0,"151":0,"152":0,"153":0,"154":0,"155":0,"156":0,"157":0,"158":0,"159":0,"160":0,"161":0,"162":0,"163":0,"164":0,"165":0,"166":0,"167":0,"168":0,"169":0,"170":0,"171":0,"172":0,"173":0,"174":0,"175":0,"176":0,"177":0,"178":0,"179":0,"180":0,"181":1,"182":0,"183":0,"184":0,"185":0,"186":0,"187":0,"188":0,"189":0,"190":0,"191":0,"192":0,"193":0,"194":0,"195":0,"196":0,"197":0,"198":0,"199":0,"200":0,"201":0,"202":0,"203":0,"204":0,"205":0,"206":0,"207":0,"208":0,"209":0,"210":0,"211":0,"212":0,"213":0,"214":0,"215":0,"216":0,"217":0,"218":0,"219":0,"220":0,"221":0,"222":0,"223":0,"224":0,"225":0,"226":1,"227":0,"228":0,"229":0,"230":0,"231":0,"232":0,"233":0,"234":0,"235":1,"236":0,"237":0,"238":0,"239":0,"240":0,"241":1,"242":0,"243":0,"244":0,"245":0,"246":0,"247":0,"248":0,"249":1,"250":0,"251":0,"252":1,"253":0,"254":0,"255":0,"256":0,"257":0,"258":0,"259":0,"260":0,"261":0,"262":0,"263":0,"264":0,"265":0,"266":0,"267":1,"268":0,"269":1,"270":0,"271":0,"272":0,"273":0,"274":0,"275":0,"276":0,"277":0,"278":0,"279":0,"280":0,"281":0,"282":0,"283":0,"284":0,"285":0,"286":0,"287":0,"288":0,"289":0,"290":0,"291":0,"292":0,"293":0,"294":0,"295":1,"296":0,"297":0,"298":0,"299":0,"300":0,"301":0,"302":0,"303":0,"304":0,"305":0,"306":0,"307":0,"308":0,"309":0,"310":0,"311":0,"312":0,"313":0,"314":0,"315":0,"316":0,"317":0,"318":0,"319":0,"320":0,"321":0,"322":0,"323":0,"324":0,"325":0,"326":0,"327":0,"328":0,"329":0,"330":0,"331":0,"332":0,"333":0,"334":0,"335":0,"336":0,"337":0,"338":0,"339":0,"340":0,"341":0,"342":0,"343":0,"344":0,"345":0,"346":0,"347":0,"348":0,"349":0,"350":0,"351":0,"352":0,"353":0,"354":0,"355":0,"356":0,"357":0,"358":0,"359":0,"360":0,"361":0,"362":0,"363":0,"364":0,"365":1,"366":0,"367":0,"368":0,"369":0,"370":0,"371":0,"372":0,"373":0,"374":0,"375":0,"376":0,"377":0,"378":0,"379":0,"380":0,"381":0,"382":0,"383":0,"384":0,"385":1,"386":0,"387":0,"388":0,"389":0,"390":0,"391":0,"392":0,"393":0,"394":0,"395":0,"396":0,"397":0,"398":0,"399":0,"400":0,"401":0,"402":0,"403":0,"404":0,"405":1,"406":0,"407":0,"408":0,"409":0,"410":1,"411":0,"412":1,"413":1,"414":1,"415":1,"416":1,"417":1,"418":1,"419":1,"420":1,"421":1,"422":1,"423":0,"424":0,"425":0,"426":0,"427":0,"428":0,"429":0,"430":0,"431":0,"432":0,"433":1,"434":1,"435":1,"436":0},"b":{"1":[0,0],"2":[0,0],"3":[0,0],"4":[0,0],"5":[0,0],"6":[0,0],"7":[0,0],"8":[0,0],"9":[0,0],"10":[0,0],"11":[0,0],"12":[0,0],"13":[0,0],"14":[0,0],"15":[0,0],"16":[0,0],"17":[0,0],"18":[0,0],"19":[0,0],"20":[0,0,0],"21":[0,0],"22":[0,0],"23":[0,0],"24":[0,0],"25":[0,0],"26":[0,0],"27":[0,0],"28":[0,0],"29":[0,0],"30":[0,0],"31":[0,0],"32":[0,0],"33":[0,0],"34":[0,0],"35":[0,0],"36":[0,0],"37":[0,0],"38":[0,0],"39":[0,0],"40":[0,0],"41":[0,0],"42":[0,0],"43":[0,0,0],"44":[0,0],"45":[0,0],"46":[0,0],"47":[0,0],"48":[0,0],"49":[0,0],"50":[0,0],"51":[0,0],"52":[0,0],"53":[0,0],"54":[0,0],"55":[0,0],"56":[0,0],"57":[0,0],"58":[0,0],"59":[0,0],"60":[0,0,0,0],"61":[0,0],"62":[0,0],"63":[0,0],"64":[0,0],"65":[0,0],"66":[0,0],"67":[0,0],"68":[0,0],"69":[0,0],"70":[0,0,0],"71":[0,0],"72":[0,0],"73":[0,0],"74":[0,0],"75":[0,0],"76":[0,0],"77":[0,0],"78":[0,0],"79":[0,0],"80":[0,0],"81":[0,0],"82":[0,0],"83":[0,0,0,0,0],"84":[0,0],"85":[0,0],"86":[0,0],"87":[0,0],"88":[0,0],"89":[0,0],"90":[0,0],"91":[0,0],"92":[0,0],"93":[0,0],"94":[0,0],"95":[0,0],"96":[0,0,0,0,0,0,0],"97":[0,0],"98":[0,0],"99":[0,0,0],"100":[0,0],"101":[0,0],"102":[0,0],"103":[0,0],"104":[0,0],"105":[0,0],"106":[0,0],"107":[0,0],"108":[0,0],"109":[0,0],"110":[0,0],"111":[0,0],"112":[0,0],"113":[0,0],"114":[0,0],"115":[0,0],"116":[0,0],"117":[0,0],"118":[0,0],"119":[0,0],"120":[0,0],"121":[0,0],"122":[0,0],"123":[0,0],"124":[0,0],"125":[0,0],"126":[0,0],"127":[0,0],"128":[0,0],"129":[0,0],"130":[0,0],"131":[0,0],"132":[0,0],"133":[0,0],"134":[0,0],"135":[0,0],"136":[0,0,0],"137":[0,0],"138":[0,0,0,0],"139":[0,0],"140":[0,0],"141":[0,0],"142":[0,0],"143":[0,0],"144":[0,0],"145":[0,0],"146":[0,0],"147":[0,0],"148":[0,0],"149":[0,0],"150":[0,0],"151":[0,0],"152":[0,0],"153":[0,0],"154":[0,0],"155":[0,0],"156":[0,0],"157":[0,0],"158":[0,0],"159":[0,0,0],"160":[0,0],"161":[0,0],"162":[0,0],"163":[0,0],"164":[0,0],"165":[0,0],"166":[0,0],"167":[0,0],"168":[0,0,0],"169":[0,0],"170":[0,0],"171":[0,0],"172":[0,0],"173":[0,0],"174":[0,0],"175":[0,0,0],"176":[0,0],"177":[0,0],"178":[0,0],"179":[0,0],"180":[0,0],"181":[0,0],"182":[0,0],"183":[0,0],"184":[0,0,0],"185":[0,0],"186":[0,0],"187":[0,0],"188":[0,0],"189":[0,0],"190":[0,0],"191":[0,0],"192":[0,0],"193":[0,0],"194":[0,0],"195":[0,0],"196":[0,0],"197":[0,0],"198":[0,0],"199":[0,0],"200":[0,0],"201":[0,0,0],"202":[0,0],"203":[0,0,0,0],"204":[0,0],"205":[0,0],"206":[0,0],"207":[0,0],"208":[0,0],"209":[0,0],"210":[0,0],"211":[0,0],"212":[0,0],"213":[0,0],"214":[0,0],"215":[0,0],"216":[0,0],"217":[0,0],"218":[0,0],"219":[0,0],"220":[0,0],"221":[0,0],"222":[0,0],"223":[0,0],"224":[1,0]},"f":{"1":1,"2":0,"3":0,"4":1,"5":0,"6":0,"7":0,"8":0,"9":0,"10":0,"11":0,"12":0,"13":0,"14":0,"15":0,"16":0,"17":0,"18":0,"19":0,"20":0,"21":0,"22":0,"23":0,"24":0,"25":0,"26":0,"27":0,"28":0,"29":0,"30":0,"31":0,"32":0,"33":0,"34":0},"fnMap":{"1":{"name":"(anonymous_1)","line":1,"loc":{"start":{"line":1,"column":1},"end":{"line":1,"column":12}}},"2":{"name":"VNode","line":3,"loc":{"start":{"line":3,"column":4},"end":{"line":3,"column":21}}},"3":{"name":"h","line":4,"loc":{"start":{"line":4,"column":4},"end":{"line":4,"column":37}}},"4":{"name":"extend","line":25,"loc":{"start":{"line":25,"column":4},"end":{"line":25,"column":32}}},"5":{"name":"cloneElement","line":29,"loc":{"start":{"line":29,"column":4},"end":{"line":29,"column":40}}},"6":{"name":"enqueueRender","line":32,"loc":{"start":{"line":32,"column":4},"end":{"line":32,"column":38}}},"7":{"name":"rerender","line":35,"loc":{"start":{"line":35,"column":4},"end":{"line":35,"column":24}}},"8":{"name":"isSameNodeType","line":40,"loc":{"start":{"line":40,"column":4},"end":{"line":40,"column":52}}},"9":{"name":"isNamedNode","line":44,"loc":{"start":{"line":44,"column":4},"end":{"line":44,"column":41}}},"10":{"name":"getNodeProps","line":47,"loc":{"start":{"line":47,"column":4},"end":{"line":47,"column":33}}},"11":{"name":"createNode","line":54,"loc":{"start":{"line":54,"column":4},"end":{"line":54,"column":41}}},"12":{"name":"removeNode","line":59,"loc":{"start":{"line":59,"column":4},"end":{"line":59,"column":30}}},"13":{"name":"setAccessor","line":62,"loc":{"start":{"line":62,"column":4},"end":{"line":62,"column":56}}},"14":{"name":"setProperty","line":90,"loc":{"start":{"line":90,"column":4},"end":{"line":90,"column":44}}},"15":{"name":"eventProxy","line":95,"loc":{"start":{"line":95,"column":4},"end":{"line":95,"column":27}}},"16":{"name":"flushMounts","line":98,"loc":{"start":{"line":98,"column":4},"end":{"line":98,"column":27}}},"17":{"name":"diff","line":105,"loc":{"start":{"line":105,"column":4},"end":{"line":105,"column":72}}},"18":{"name":"idiff","line":118,"loc":{"start":{"line":118,"column":4},"end":{"line":118,"column":65}}},"19":{"name":"innerDiffNode","line":152,"loc":{"start":{"line":152,"column":4},"end":{"line":152,"column":75}}},"20":{"name":"recollectNodeTree","line":184,"loc":{"start":{"line":184,"column":4},"end":{"line":184,"column":50}}},"21":{"name":"removeChildren","line":192,"loc":{"start":{"line":192,"column":4},"end":{"line":192,"column":34}}},"22":{"name":"diffAttributes","line":200,"loc":{"start":{"line":200,"column":4},"end":{"line":200,"column":45}}},"23":{"name":"collectComponent","line":205,"loc":{"start":{"line":205,"column":4},"end":{"line":205,"column":41}}},"24":{"name":"createComponent","line":209,"loc":{"start":{"line":209,"column":4},"end":{"line":209,"column":51}}},"25":{"name":"doRender","line":226,"loc":{"start":{"line":226,"column":4},"end":{"line":226,"column":45}}},"26":{"name":"setComponentProps","line":229,"loc":{"start":{"line":229,"column":4},"end":{"line":229,"column":74}}},"27":{"name":"renderComponent","line":248,"loc":{"start":{"line":248,"column":4},"end":{"line":248,"column":65}}},"28":{"name":"buildComponentFromVNode","line":315,"loc":{"start":{"line":315,"column":4},"end":{"line":315,"column":68}}},"29":{"name":"unmountComponent","line":340,"loc":{"start":{"line":340,"column":4},"end":{"line":340,"column":41}}},"30":{"name":"Component","line":356,"loc":{"start":{"line":356,"column":4},"end":{"line":356,"column":39}}},"31":{"name":"render","line":362,"loc":{"start":{"line":362,"column":4},"end":{"line":362,"column":42}}},"32":{"name":"(anonymous_32)","line":376,"loc":{"start":{"line":376,"column":18},"end":{"line":376,"column":44}}},"33":{"name":"(anonymous_33)","line":383,"loc":{"start":{"line":383,"column":21},"end":{"line":383,"column":40}}},"34":{"name":"(anonymous_34)","line":387,"loc":{"start":{"line":387,"column":16},"end":{"line":387,"column":27}}}},"statementMap":{"1":{"start":{"line":1,"column":0},"end":{"line":399,"column":4}},"2":{"start":{"line":3,"column":4},"end":{"line":3,"column":23}},"3":{"start":{"line":4,"column":4},"end":{"line":24,"column":5}},"4":{"start":{"line":5,"column":8},"end":{"line":5,"column":68}},"5":{"start":{"line":6,"column":8},"end":{"line":6,"column":71}},"6":{"start":{"line":6,"column":46},"end":{"line":6,"column":71}},"7":{"start":{"line":7,"column":8},"end":{"line":10,"column":9}},"8":{"start":{"line":8,"column":12},"end":{"line":8,"column":63}},"9":{"start":{"line":8,"column":31},"end":{"line":8,"column":63}},"10":{"start":{"line":9,"column":12},"end":{"line":9,"column":39}},"11":{"start":{"line":11,"column":8},"end":{"line":16,"column":9}},"12":{"start":{"line":11,"column":29},"end":{"line":16,"column":9}},"13":{"start":{"line":11,"column":80},"end":{"line":11,"column":131}},"14":{"start":{"line":11,"column":110},"end":{"line":11,"column":131}},"15":{"start":{"line":12,"column":12},"end":{"line":12,"column":59}},"16":{"start":{"line":12,"column":46},"end":{"line":12,"column":59}},"17":{"start":{"line":13,"column":12},"end":{"line":13,"column":192}},"18":{"start":{"line":13,"column":56},"end":{"line":13,"column":192}},"19":{"start":{"line":13,"column":75},"end":{"line":13,"column":86}},"20":{"start":{"line":13,"column":92},"end":{"line":13,"column":192}},"21":{"start":{"line":13,"column":122},"end":{"line":13,"column":144}},"22":{"start":{"line":13,"column":150},"end":{"line":13,"column":192}},"23":{"start":{"line":13,"column":180},"end":{"line":13,"column":192}},"24":{"start":{"line":14,"column":12},"end":{"line":14,"column":164}},"25":{"start":{"line":14,"column":38},"end":{"line":14,"column":77}},"26":{"start":{"line":14,"column":83},"end":{"line":14,"column":164}},"27":{"start":{"line":14,"column":116},"end":{"line":14,"column":137}},"28":{"start":{"line":14,"column":143},"end":{"line":14,"column":164}},"29":{"start":{"line":15,"column":12},"end":{"line":15,"column":32}},"30":{"start":{"line":17,"column":8},"end":{"line":17,"column":28}},"31":{"start":{"line":18,"column":8},"end":{"line":18,"column":30}},"32":{"start":{"line":19,"column":8},"end":{"line":19,"column":30}},"33":{"start":{"line":20,"column":8},"end":{"line":20,"column":64}},"34":{"start":{"line":21,"column":8},"end":{"line":21,"column":61}},"35":{"start":{"line":22,"column":8},"end":{"line":22,"column":55}},"36":{"start":{"line":22,"column":38},"end":{"line":22,"column":55}},"37":{"start":{"line":23,"column":8},"end":{"line":23,"column":17}},"38":{"start":{"line":25,"column":4},"end":{"line":28,"column":5}},"39":{"start":{"line":26,"column":8},"end":{"line":26,"column":47}},"40":{"start":{"line":26,"column":29},"end":{"line":26,"column":47}},"41":{"start":{"line":27,"column":8},"end":{"line":27,"column":19}},"42":{"start":{"line":29,"column":4},"end":{"line":31,"column":5}},"43":{"start":{"line":30,"column":8},"end":{"line":30,"column":147}},"44":{"start":{"line":32,"column":4},"end":{"line":34,"column":5}},"45":{"start":{"line":33,"column":8},"end":{"line":33,"column":134}},"46":{"start":{"line":33,"column":82},"end":{"line":33,"column":134}},"47":{"start":{"line":35,"column":4},"end":{"line":39,"column":5}},"48":{"start":{"line":36,"column":8},"end":{"line":36,"column":28}},"49":{"start":{"line":37,"column":8},"end":{"line":37,"column":19}},"50":{"start":{"line":38,"column":8},"end":{"line":38,"column":61}},"51":{"start":{"line":38,"column":31},"end":{"line":38,"column":61}},"52":{"start":{"line":38,"column":42},"end":{"line":38,"column":61}},"53":{"start":{"line":40,"column":4},"end":{"line":43,"column":5}},"54":{"start":{"line":41,"column":8},"end":{"line":41,"column":99}},"55":{"start":{"line":41,"column":66},"end":{"line":41,"column":99}},"56":{"start":{"line":42,"column":8},"end":{"line":42,"column":191}},"57":{"start":{"line":42,"column":47},"end":{"line":42,"column":119}},"58":{"start":{"line":42,"column":125},"end":{"line":42,"column":191}},"59":{"start":{"line":44,"column":4},"end":{"line":46,"column":5}},"60":{"start":{"line":45,"column":8},"end":{"line":45,"column":95}},"61":{"start":{"line":47,"column":4},"end":{"line":53,"column":5}},"62":{"start":{"line":48,"column":8},"end":{"line":48,"column":49}},"63":{"start":{"line":49,"column":8},"end":{"line":49,"column":40}},"64":{"start":{"line":50,"column":8},"end":{"line":50,"column":55}},"65":{"start":{"line":51,"column":8},"end":{"line":51,"column":117}},"66":{"start":{"line":51,"column":37},"end":{"line":51,"column":117}},"67":{"start":{"line":51,"column":65},"end":{"line":51,"column":117}},"68":{"start":{"line":51,"column":90},"end":{"line":51,"column":117}},"69":{"start":{"line":52,"column":8},"end":{"line":52,"column":21}},"70":{"start":{"line":54,"column":4},"end":{"line":58,"column":5}},"71":{"start":{"line":55,"column":8},"end":{"line":55,"column":127}},"72":{"start":{"line":56,"column":8},"end":{"line":56,"column":28}},"73":{"start":{"line":57,"column":8},"end":{"line":57,"column":20}},"74":{"start":{"line":59,"column":4},"end":{"line":61,"column":5}},"75":{"start":{"line":60,"column":8},"end":{"line":60,"column":63}},"76":{"start":{"line":60,"column":29},"end":{"line":60,"column":63}},"77":{"start":{"line":62,"column":4},"end":{"line":89,"column":5}},"78":{"start":{"line":63,"column":8},"end":{"line":63,"column":49}},"79":{"start":{"line":63,"column":34},"end":{"line":63,"column":49}},"80":{"start":{"line":64,"column":8},"end":{"line":88,"column":9}},"81":{"start":{"line":64,"column":35},"end":{"line":88,"column":9}},"82":{"start":{"line":65,"column":12},"end":{"line":65,"column":31}},"83":{"start":{"line":65,"column":21},"end":{"line":65,"column":31}},"84":{"start":{"line":66,"column":12},"end":{"line":66,"column":35}},"85":{"start":{"line":66,"column":23},"end":{"line":66,"column":35}},"86":{"start":{"line":67,"column":15},"end":{"line":88,"column":9}},"87":{"start":{"line":67,"column":47},"end":{"line":67,"column":76}},"88":{"start":{"line":67,"column":82},"end":{"line":88,"column":9}},"89":{"start":{"line":68,"column":12},"end":{"line":68,"column":111}},"90":{"start":{"line":68,"column":78},"end":{"line":68,"column":111}},"91":{"start":{"line":69,"column":12},"end":{"line":72,"column":13}},"92":{"start":{"line":70,"column":16},"end":{"line":70,"column":101}},"93":{"start":{"line":70,"column":44},"end":{"line":70,"column":101}},"94":{"start":{"line":70,"column":63},"end":{"line":70,"column":101}},"95":{"start":{"line":70,"column":82},"end":{"line":70,"column":101}},"96":{"start":{"line":71,"column":16},"end":{"line":71,"column":147}},"97":{"start":{"line":71,"column":37},"end":{"line":71,"column":147}},"98":{"start":{"line":73,"column":15},"end":{"line":88,"column":9}},"99":{"start":{"line":74,"column":12},"end":{"line":74,"column":59}},"100":{"start":{"line":74,"column":23},"end":{"line":74,"column":59}},"101":{"start":{"line":75,"column":15},"end":{"line":88,"column":9}},"102":{"start":{"line":76,"column":12},"end":{"line":76,"column":76}},"103":{"start":{"line":77,"column":12},"end":{"line":77,"column":51}},"104":{"start":{"line":78,"column":12},"end":{"line":80,"column":74}},"105":{"start":{"line":79,"column":16},"end":{"line":79,"column":78}},"106":{"start":{"line":79,"column":26},"end":{"line":79,"column":78}},"107":{"start":{"line":80,"column":19},"end":{"line":80,"column":74}},"108":{"start":{"line":81,"column":12},"end":{"line":81,"column":56}},"109":{"start":{"line":82,"column":15},"end":{"line":88,"column":9}},"110":{"start":{"line":83,"column":12},"end":{"line":83,"column":64}},"111":{"start":{"line":84,"column":12},"end":{"line":84,"column":74}},"112":{"start":{"line":84,"column":47},"end":{"line":84,"column":74}},"113":{"start":{"line":86,"column":12},"end":{"line":86,"column":78}},"114":{"start":{"line":87,"column":12},"end":{"line":87,"column":325}},"115":{"start":{"line":87,"column":47},"end":{"line":87,"column":163}},"116":{"start":{"line":87,"column":55},"end":{"line":87,"column":130}},"117":{"start":{"line":87,"column":136},"end":{"line":87,"column":163}},"118":{"start":{"line":87,"column":169},"end":{"line":87,"column":325}},"119":{"start":{"line":87,"column":201},"end":{"line":87,"column":325}},"120":{"start":{"line":87,"column":209},"end":{"line":87,"column":288}},"121":{"start":{"line":87,"column":294},"end":{"line":87,"column":325}},"122":{"start":{"line":90,"column":4},"end":{"line":94,"column":5}},"123":{"start":{"line":91,"column":8},"end":{"line":93,"column":22}},"124":{"start":{"line":92,"column":12},"end":{"line":92,"column":31}},"125":{"start":{"line":95,"column":4},"end":{"line":97,"column":5}},"126":{"start":{"line":96,"column":8},"end":{"line":96,"column":72}},"127":{"start":{"line":98,"column":4},"end":{"line":104,"column":5}},"128":{"start":{"line":99,"column":8},"end":{"line":99,"column":14}},"129":{"start":{"line":100,"column":8},"end":{"line":103,"column":9}},"130":{"start":{"line":101,"column":12},"end":{"line":101,"column":58}},"131":{"start":{"line":101,"column":36},"end":{"line":101,"column":58}},"132":{"start":{"line":102,"column":12},"end":{"line":102,"column":59}},"133":{"start":{"line":102,"column":37},"end":{"line":102,"column":59}},"134":{"start":{"line":105,"column":4},"end":{"line":117,"column":5}},"135":{"start":{"line":106,"column":8},"end":{"line":109,"column":9}},"136":{"start":{"line":107,"column":12},"end":{"line":107,"column":76}},"137":{"start":{"line":108,"column":12},"end":{"line":108,"column":65}},"138":{"start":{"line":110,"column":8},"end":{"line":110,"column":70}},"139":{"start":{"line":111,"column":8},"end":{"line":111,"column":73}},"140":{"start":{"line":111,"column":49},"end":{"line":111,"column":73}},"141":{"start":{"line":112,"column":8},"end":{"line":115,"column":9}},"142":{"start":{"line":113,"column":12},"end":{"line":113,"column":27}},"143":{"start":{"line":114,"column":12},"end":{"line":114,"column":46}},"144":{"start":{"line":114,"column":32},"end":{"line":114,"column":46}},"145":{"start":{"line":116,"column":8},"end":{"line":116,"column":19}},"146":{"start":{"line":118,"column":4},"end":{"line":151,"column":5}},"147":{"start":{"line":119,"column":8},"end":{"line":119,"column":47}},"148":{"start":{"line":120,"column":8},"end":{"line":120,"column":38}},"149":{"start":{"line":120,"column":27},"end":{"line":120,"column":38}},"150":{"start":{"line":121,"column":8},"end":{"line":133,"column":9}},"151":{"start":{"line":122,"column":12},"end":{"line":130,"column":13}},"152":{"start":{"line":123,"column":16},"end":{"line":123,"column":66}},"153":{"start":{"line":123,"column":44},"end":{"line":123,"column":66}},"154":{"start":{"line":125,"column":16},"end":{"line":125,"column":53}},"155":{"start":{"line":126,"column":16},"end":{"line":129,"column":17}},"156":{"start":{"line":127,"column":20},"end":{"line":127,"column":78}},"157":{"start":{"line":127,"column":40},"end":{"line":127,"column":78}},"158":{"start":{"line":128,"column":20},"end":{"line":128,"column":47}},"159":{"start":{"line":131,"column":12},"end":{"line":131,"column":35}},"160":{"start":{"line":132,"column":12},"end":{"line":132,"column":23}},"161":{"start":{"line":134,"column":8},"end":{"line":134,"column":111}},"162":{"start":{"line":134,"column":49},"end":{"line":134,"column":111}},"163":{"start":{"line":135,"column":8},"end":{"line":135,"column":104}},"164":{"start":{"line":136,"column":8},"end":{"line":143,"column":9}},"165":{"start":{"line":137,"column":12},"end":{"line":137,"column":64}},"166":{"start":{"line":138,"column":12},"end":{"line":142,"column":13}},"167":{"start":{"line":139,"column":16},"end":{"line":139,"column":71}},"168":{"start":{"line":139,"column":39},"end":{"line":139,"column":71}},"169":{"start":{"line":140,"column":16},"end":{"line":140,"column":74}},"170":{"start":{"line":140,"column":36},"end":{"line":140,"column":74}},"171":{"start":{"line":141,"column":16},"end":{"line":141,"column":43}},"172":{"start":{"line":144,"column":8},"end":{"line":144,"column":115}},"173":{"start":{"line":145,"column":8},"end":{"line":147,"column":165}},"174":{"start":{"line":146,"column":12},"end":{"line":146,"column":74}},"175":{"start":{"line":146,"column":46},"end":{"line":146,"column":74}},"176":{"start":{"line":147,"column":15},"end":{"line":147,"column":165}},"177":{"start":{"line":147,"column":64},"end":{"line":147,"column":165}},"178":{"start":{"line":148,"column":8},"end":{"line":148,"column":53}},"179":{"start":{"line":149,"column":8},"end":{"line":149,"column":32}},"180":{"start":{"line":150,"column":8},"end":{"line":150,"column":19}},"181":{"start":{"line":152,"column":4},"end":{"line":183,"column":5}},"182":{"start":{"line":153,"column":8},"end":{"line":153,"column":206}},"183":{"start":{"line":154,"column":8},"end":{"line":160,"column":9}},"184":{"start":{"line":154,"column":23},"end":{"line":160,"column":9}},"185":{"start":{"line":155,"column":12},"end":{"line":155,"column":159}},"186":{"start":{"line":156,"column":12},"end":{"line":159,"column":155}},"187":{"start":{"line":157,"column":16},"end":{"line":157,"column":27}},"188":{"start":{"line":158,"column":16},"end":{"line":158,"column":36}},"189":{"start":{"line":159,"column":19},"end":{"line":159,"column":155}},"190":{"start":{"line":159,"column":122},"end":{"line":159,"column":155}},"191":{"start":{"line":161,"column":8},"end":{"line":180,"column":9}},"192":{"start":{"line":161,"column":24},"end":{"line":180,"column":9}},"193":{"start":{"line":162,"column":12},"end":{"line":162,"column":34}},"194":{"start":{"line":163,"column":12},"end":{"line":163,"column":25}},"195":{"start":{"line":164,"column":12},"end":{"line":164,"column":33}},"196":{"start":{"line":165,"column":12},"end":{"line":177,"column":13}},"197":{"start":{"line":166,"column":16},"end":{"line":170,"column":17}},"198":{"start":{"line":167,"column":20},"end":{"line":167,"column":39}},"199":{"start":{"line":168,"column":20},"end":{"line":168,"column":40}},"200":{"start":{"line":169,"column":20},"end":{"line":169,"column":31}},"201":{"start":{"line":171,"column":19},"end":{"line":177,"column":13}},"202":{"start":{"line":171,"column":52},"end":{"line":177,"column":13}},"203":{"start":{"line":171,"column":88},"end":{"line":177,"column":13}},"204":{"start":{"line":172,"column":16},"end":{"line":172,"column":26}},"205":{"start":{"line":173,"column":16},"end":{"line":173,"column":37}},"206":{"start":{"line":174,"column":16},"end":{"line":174,"column":57}},"207":{"start":{"line":174,"column":43},"end":{"line":174,"column":57}},"208":{"start":{"line":175,"column":16},"end":{"line":175,"column":37}},"209":{"start":{"line":175,"column":31},"end":{"line":175,"column":37}},"210":{"start":{"line":176,"column":16},"end":{"line":176,"column":22}},"211":{"start":{"line":178,"column":12},"end":{"line":178,"column":60}},"212":{"start":{"line":179,"column":12},"end":{"line":179,"column":248}},"213":{"start":{"line":179,"column":40},"end":{"line":179,"column":248}},"214":{"start":{"line":179,"column":54},"end":{"line":179,"column":77}},"215":{"start":{"line":179,"column":83},"end":{"line":179,"column":248}},"216":{"start":{"line":179,"column":118},"end":{"line":179,"column":248}},"217":{"start":{"line":179,"column":157},"end":{"line":179,"column":189}},"218":{"start":{"line":179,"column":195},"end":{"line":179,"column":248}},"219":{"start":{"line":181,"column":8},"end":{"line":181,"column":100}},"220":{"start":{"line":181,"column":22},"end":{"line":181,"column":100}},"221":{"start":{"line":181,"column":43},"end":{"line":181,"column":100}},"222":{"start":{"line":181,"column":68},"end":{"line":181,"column":100}},"223":{"start":{"line":182,"column":8},"end":{"line":182,"column":114}},"224":{"start":{"line":182,"column":35},"end":{"line":182,"column":114}},"225":{"start":{"line":182,"column":85},"end":{"line":182,"column":114}},"226":{"start":{"line":184,"column":4},"end":{"line":191,"column":5}},"227":{"start":{"line":185,"column":8},"end":{"line":185,"column":40}},"228":{"start":{"line":186,"column":8},"end":{"line":190,"column":9}},"229":{"start":{"line":186,"column":23},"end":{"line":186,"column":51}},"230":{"start":{"line":187,"column":12},"end":{"line":187,"column":99}},"231":{"start":{"line":187,"column":70},"end":{"line":187,"column":99}},"232":{"start":{"line":188,"column":12},"end":{"line":188,"column":83}},"233":{"start":{"line":188,"column":66},"end":{"line":188,"column":83}},"234":{"start":{"line":189,"column":12},"end":{"line":189,"column":33}},"235":{"start":{"line":192,"column":4},"end":{"line":199,"column":5}},"236":{"start":{"line":193,"column":8},"end":{"line":193,"column":30}},"237":{"start":{"line":194,"column":8},"end":{"line":198,"column":9}},"238":{"start":{"line":195,"column":12},"end":{"line":195,"column":44}},"239":{"start":{"line":196,"column":12},"end":{"line":196,"column":40}},"240":{"start":{"line":197,"column":12},"end":{"line":197,"column":24}},"241":{"start":{"line":200,"column":4},"end":{"line":204,"column":5}},"242":{"start":{"line":201,"column":8},"end":{"line":201,"column":17}},"243":{"start":{"line":202,"column":8},"end":{"line":202,"column":149}},"244":{"start":{"line":202,"column":26},"end":{"line":202,"column":149}},"245":{"start":{"line":202,"column":84},"end":{"line":202,"column":149}},"246":{"start":{"line":203,"column":8},"end":{"line":203,"column":249}},"247":{"start":{"line":203,"column":28},"end":{"line":203,"column":249}},"248":{"start":{"line":203,"column":179},"end":{"line":203,"column":249}},"249":{"start":{"line":205,"column":4},"end":{"line":208,"column":5}},"250":{"start":{"line":206,"column":8},"end":{"line":206,"column":46}},"251":{"start":{"line":207,"column":8},"end":{"line":207,"column":70}},"252":{"start":{"line":209,"column":4},"end":{"line":225,"column":5}},"253":{"start":{"line":210,"column":8},"end":{"line":210,"column":47}},"254":{"start":{"line":211,"column":8},"end":{"line":218,"column":9}},"255":{"start":{"line":212,"column":12},"end":{"line":212,"column":44}},"256":{"start":{"line":213,"column":12},"end":{"line":213,"column":49}},"257":{"start":{"line":215,"column":12},"end":{"line":215,"column":49}},"258":{"start":{"line":216,"column":12},"end":{"line":216,"column":36}},"259":{"start":{"line":217,"column":12},"end":{"line":217,"column":35}},"260":{"start":{"line":219,"column":8},"end":{"line":223,"column":9}},"261":{"start":{"line":219,"column":18},"end":{"line":223,"column":9}},"262":{"start":{"line":219,"column":51},"end":{"line":223,"column":9}},"263":{"start":{"line":220,"column":12},"end":{"line":220,"column":35}},"264":{"start":{"line":221,"column":12},"end":{"line":221,"column":30}},"265":{"start":{"line":222,"column":12},"end":{"line":222,"column":18}},"266":{"start":{"line":224,"column":8},"end":{"line":224,"column":20}},"267":{"start":{"line":226,"column":4},"end":{"line":228,"column":5}},"268":{"start":{"line":227,"column":8},"end":{"line":227,"column":48}},"269":{"start":{"line":229,"column":4},"end":{"line":247,"column":5}},"270":{"start":{"line":230,"column":8},"end":{"line":246,"column":9}},"271":{"start":{"line":231,"column":12},"end":{"line":231,"column":31}},"272":{"start":{"line":232,"column":12},"end":{"line":232,"column":60}},"273":{"start":{"line":232,"column":43},"end":{"line":232,"column":60}},"274":{"start":{"line":233,"column":12},"end":{"line":233,"column":60}},"275":{"start":{"line":233,"column":43},"end":{"line":233,"column":60}},"276":{"start":{"line":234,"column":12},"end":{"line":236,"column":112}},"277":{"start":{"line":235,"column":16},"end":{"line":235,"column":81}},"278":{"start":{"line":235,"column":50},"end":{"line":235,"column":81}},"279":{"start":{"line":236,"column":19},"end":{"line":236,"column":112}},"280":{"start":{"line":236,"column":60},"end":{"line":236,"column":112}},"281":{"start":{"line":237,"column":12},"end":{"line":240,"column":13}},"282":{"start":{"line":238,"column":16},"end":{"line":238,"column":70}},"283":{"start":{"line":238,"column":36},"end":{"line":238,"column
[...]
art":{"line":73,"column":1},"end":{"line":73,"column":1}}]},"10":{"line":74,"type":"binary-expr","locations":[{"start":{"line":74,"column":9},"end":{"line":74,"column":33}},{"start":{"line":74,"column":37},"end":{"line":74,"column":54}}]},"11":{"line":101,"type":"binary-expr","locations":[{"start":{"line":101,"column":15},"end":{"line":101,"column":36}},{"start":{"line":101,"column":40},"end":{"line":101,"column":77}}]},"12":{"line":102,"type":"binary-expr","locations":[{"start":{"line":102,"column":12},"end":{"line":102,"column":30}},{"start":{"line":102,"column":34},"end":{"line":102,"column":68}}]},"13":{"line":117,"type":"if","locations":[{"start":{"line":117,"column":1},"end":{"line":117,"column":1}},{"start":{"line":117,"column":1},"end":{"line":117,"column":1}}]},"14":{"line":135,"type":"binary-expr","locations":[{"start":{"line":135,"column":18},"end":{"line":135,"column":43}},{"start":{"line":135,"column":47},"end":{"line":135,"column":56}}]},"15":{"line":144,"type":"cond-expr","locations":[{"start":{"line":144,"column":53},"end":{"line":144,"column":93}},{"start":{"line":144,"column":96},"end":{"line":144,"column":142}}]},"16":{"line":145,"type":"if","locations":[{"start":{"line":145,"column":1},"end":{"line":145,"column":1}},{"start":{"line":145,"column":1},"end":{"line":145,"column":1}}]},"17":{"line":167,"type":"if","locations":[{"start":{"line":167,"column":2},"end":{"line":167,"column":2}},{"start":{"line":167,"column":2},"end":{"line":167,"column":2}}]},"18":{"line":200,"type":"binary-expr","locations":[{"start":{"line":200,"column":10},"end":{"line":200,"column":14}},{"start":{"line":200,"column":18},"end":{"line":200,"column":34}}]},"19":{"line":203,"type":"cond-expr","locations":[{"start":{"line":203,"column":17},"end":{"line":203,"column":54}},{"start":{"line":203,"column":57},"end":{"line":203,"column":61}}]},"20":{"line":237,"type":"if","locations":[{"start":{"line":237,"column":2},"end":{"line":237,"column":2}},{"start":{"line":237,"column":2},"end":{"line":237,"column":2}}]},"21":{"line":261,"type":"if","locations":[{"start":{"line":261,"column":3},"end":{"line":261,"column":3}},{"start":{"line":261,"column":3},"end":{"line":261,"column":3}}]},"22":{"line":275,"type":"if","locations":[{"start":{"line":275,"column":3},"end":{"line":275,"column":3}},{"start":{"line":275,"column":3},"end":{"line":275,"column":3}}]},"23":{"line":291,"type":"if","locations":[{"start":{"line":291,"column":2},"end":{"line":291,"column":2}},{"start":{"line":291,"column":2},"end":{"line":291,"column":2}}]},"24":{"line":314,"type":"if","locations":[{"start":{"line":314,"column":1},"end":{"line":314,"column":1}},{"start":{"line":314,"column":1},"end":{"line":314,"column":1}}]},"25":{"line":314,"type":"binary-expr","locations":[{"start":{"line":314,"column":5},"end":{"line":314,"column":31}},{"start":{"line":314,"column":35},"end":{"line":314,"column":48}}]},"26":{"line":318,"type":"if","locations":[{"start":{"line":318,"column":1},"end":{"line":318,"column":1}},{"start":{"line":318,"column":1},"end":{"line":318,"column":1}}]},"27":{"line":318,"type":"binary-expr","locations":[{"start":{"line":318,"column":5},"end":{"line":318,"column":33}},{"start":{"line":318,"column":37},"end":{"line":318,"column":75}}]},"28":{"line":333,"type":"if","locations":[{"start":{"line":333,"column":1},"end":{"line":333,"column":1}},{"start":{"line":333,"column":1},"end":{"line":333,"column":1}}]},"29":{"line":334,"type":"if","locations":[{"start":{"line":334,"column":2},"end":{"line":334,"column":2}},{"start":{"line":334,"column":2},"end":{"line":334,"column":2}}]},"30":{"line":338,"type":"if","locations":[{"start":{"line":338,"column":8},"end":{"line":338,"column":8}},{"start":{"line":338,"column":8},"end":{"line":338,"column":8}}]},"31":{"line":341,"type":"if","locations":[{"start":{"line":341,"column":3},"end":{"line":341,"column":3}},{"start":{"line":341,"column":3},"end":{"line":341,"column":3}}]},"32":{"line":361,"type":"if","locations":[{"start":{"line":361,"column":1},"end":{"line":361,"column":1}},{"start":{"line":361,"column":1},"end":{"line":361,"column":1}}]},"33":{"line":372,"type":"if","locations":[{"start":{"line":372,"column":2},"end":{"line":372,"column":2}},{"start":{"line":372,"column":2},"end":{"line":372,"column":2}}]},"34":{"line":378,"type":"if","locations":[{"start":{"line":378,"column":2},"end":{"line":378,"column":2}},{"start":{"line":378,"column":2},"end":{"line":378,"column":2}}]},"35":{"line":384,"type":"if","locations":[{"start":{"line":384,"column":2},"end":{"line":384,"column":2}},{"start":{"line":384,"column":2},"end":{"line":384,"column":2}}]}},"code":["(function (global, factory) {","\ttypeof exports === 'object' && typeof module !== 'undefined' ? factory(require('preact')) :","\ttypeof define === 'function' && define.amd ? define(['preact'], factory) :","\t(factory(global.preact));","}(this, (function (preact) { 'use strict';","","// render modes","","var ATTR_KEY = '__preactattr_';","","/* global __REACT_DEVTOOLS_GLOBAL_HOOK__ */","","// Internal helpers from preact","/**"," * Return a ReactElement-compatible object for the current state of a preact"," * component."," */","function createReactElement(component) {","\treturn {","\t\ttype: component.constructor,","\t\tkey: component.key,","\t\tref: null, // Unsupported","\t\tprops: component.props","\t};","}","","/**"," * Create a ReactDOMComponent-compatible object for a given DOM node rendered"," * by preact."," *"," * This implements the subset of the ReactDOMComponent interface that"," * React DevTools requires in order to display DOM nodes in the inspector with"," * the correct type and properties."," *"," * @param {Node} node"," */","function createReactDOMComponent(node) {","\tvar childNodes = node.nodeType === Node.ELEMENT_NODE ? Array.from(node.childNodes) : [];","","\tvar isText = node.nodeType === Node.TEXT_NODE;","","\treturn {","\t\t// --- ReactDOMComponent interface","\t\t_currentElement: isText ? node.textContent : {","\t\t\ttype: node.nodeName.toLowerCase(),","\t\t\tprops: node[ATTR_KEY]","\t\t},","\t\t_renderedChildren: childNodes.map(function (child) {","\t\t\tif (child._component) {","\t\t\t\treturn updateReactComponent(child._component);","\t\t\t}","\t\t\treturn updateReactComponent(child);","\t\t}),","\t\t_stringText: isText ? node.textContent : null,","","\t\t// --- Additional properties used by preact devtools","","\t\t// A flag indicating whether the devtools have been notified about the","\t\t// existence of this component instance yet.","\t\t// This is used to send the appropriate notifications when DOM components","\t\t// are added or updated between composite component updates.","\t\t_inDevTools: false,","\t\tnode: node","\t};","}","","/**"," * Return the name of a component created by a `ReactElement`-like object."," *"," * @param {ReactElement} element"," */","function typeName(element) {","\tif (typeof element.type === 'function') {","\t\treturn element.type.displayName || element.type.name;","\t}","\treturn element.type;","}","","/**"," * Return a ReactCompositeComponent-compatible object for a given preact"," * component instance."," *"," * This implements the subset of the ReactCompositeComponent interface that"," * the DevTools requires in order to walk the component tree and inspect the"," * component's properties."," *"," * See https://github.com/facebook/react-devtools/blob/e31ec5825342eda570acfc9bcb43a44258fceb28/backend/getData.js"," */","function createReactCompositeComponent(component) {","\tvar _currentElement = createReactElement(component);","\tvar node = component.base;","","\tvar instance = {","\t\t// --- ReactDOMComponent properties","\t\tgetName: function getName() {","\t\t\treturn typeName(_currentElement);","\t\t},","\t\t_currentElement: createReactElement(component),","\t\tprops: component.props,","\t\tstate: component.state,","\t\tforceUpdate: component.forceUpdate && component.forceUpdate.bind(component),","\t\tsetState: component.setState && component.setState.bind(component),","","\t\t// --- Additional properties used by preact devtools","\t\tnode: node","\t};","","\t// React DevTools exposes the `_instance` field of the selected item in the","\t// component tree as `$r` in the console.  `_instance` must refer to a","\t// React Component (or compatible) class instance with `props` and `state`","\t// fields and `setState()`, `forceUpdate()` methods.","\tinstance._instance = component;","","\t// If the root node returned by this component instance's render function","\t// was itself a composite component, there will be a `_component` property","\t// containing the child component instance.","\tif (component._component) {","\t\tinstance._renderedComponent = updateReactComponent(component._component);","\t} else {","\t\t// Otherwise, if the render() function returned an HTML/SVG element,","\t\t// create a ReactDOMComponent-like object for the DOM node itself.","\t\tinstance._renderedComponent = updateReactComponent(node);","\t}","","\treturn instance;","}","","/**"," * Map of Component|Node to ReactDOMComponent|ReactCompositeComponent-like"," * object."," *"," * The same React*Component instance must be used when notifying devtools"," * about the initial mount of a component and subsequent updates."," */","var instanceMap = typeof Map === 'function' && new Map();","","/**"," * Update (and create if necessary) the ReactDOMComponent|ReactCompositeComponent-like"," * instance for a given preact component instance or DOM Node."," *"," * @param {Component|Node} componentOrNode"," */","function updateReactComponent(componentOrNode) {","\tvar newInstance = componentOrNode instanceof Node ? createReactDOMComponent(componentOrNode) : createReactCompositeComponent(componentOrNode);","\tif (instanceMap.has(componentOrNode)) {","\t\tvar inst = instanceMap.get(componentOrNode);","\t\tObject.assign(inst, newInstance);","\t\treturn inst;","\t}","\tinstanceMap.set(componentOrNode, newInstance);","\treturn newInstance;","}","","function nextRootKey(roots) {","\treturn '.' + Object.keys(roots).length;","}","","/**"," * Find all root component instances rendered by preact in `node`'s children"," * and add them to the `roots` map."," *"," * @param {DOMElement} node"," * @param {[key: string] => ReactDOMComponent|ReactCompositeComponent}"," */","function findRoots(node, roots) {","\tArray.from(node.childNodes).forEach(function (child) {","\t\tif (child._component) {","\t\t\troots[nextRootKey(roots)] = updateReactComponent(child._component);","\t\t} else {","\t\t\tfindRoots(child, roots);","\t\t}","\t});","}","","/**"," * Create a bridge for exposing preact's component tree to React DevTools."," *"," * It creates implementations of the interfaces that ReactDOM passes to"," * devtools to enable it to query the component tree and hook into component"," * updates."," *"," * See https://github.com/facebook/react/blob/59ff7749eda0cd858d5ee568315bcba1be75a1ca/src/renderers/dom/ReactDOM.js"," * for how ReactDOM exports its internals for use by the devtools and"," * the `attachRenderer()` function in"," * https://github.com/facebook/react-devtools/blob/e31ec5825342eda570acfc9bcb43a44258fceb28/backend/attachRenderer.js"," * for how the devtools consumes the resulting objects."," */","function createDevToolsBridge() {","\t// The devtools has different paths for interacting with the renderers from","\t// React Native, legacy React DOM and current React DOM.","\t//","\t// Here we emulate the interface for the current React DOM (v15+) lib.","","\t// ReactDOMComponentTree-like object","\tvar ComponentTree = {","\t\tgetNodeFromInstance: function getNodeFromInstance(instance) {","\t\t\treturn instance.node;","\t\t},","\t\tgetClosestInstanceFromNode: function getClosestInstanceFromNode(node) {","\t\t\twhile (node && !node._component) {","\t\t\t\tnode = node.parentNode;","\t\t\t}","\t\t\treturn node ? updateReactComponent(node._component) : null;","\t\t}","\t};","","\t// Map of root ID (the ID is unimportant) to component instance.","\tvar roots = {};","\tfindRoots(document.body, roots);","","\t// ReactMount-like object","\t//","\t// Used by devtools to discover the list of root component instances and get","\t// notified when new root components are rendered.","\tvar Mount = {","\t\t_instancesByReactRootID: roots,","","\t\t// Stub - React DevTools expects to find this method and replace it","\t\t// with a wrapper in order to observe new root components being added","\t\t_renderNewRootComponent: function _renderNewRootComponent() /* instance, ... */{}","\t};","","\t// ReactReconciler-like object","\tvar Reconciler = {","\t\t// Stubs - React DevTools expects to find these methods and replace them","\t\t// with wrappers in order to observe components being mounted, updated and","\t\t// unmounted","\t\tmountComponent: function mountComponent() /* instance, ... */{},","\t\tperformUpdateIfNecessary: function performUpdateIfNecessary() /* instance, ... */{},","\t\treceiveComponent: function receiveComponent() /* instance, ... */{},","\t\tunmountComponent: function unmountComponent() /* instance, ... */{}","\t};","","\t/** Notify devtools that a new component instance has been mounted into the DOM. */","\tvar componentAdded = function componentAdded(component) {","\t\tvar instance = updateReactComponent(component);","\t\tif (isRootComponent(component)) {","\t\t\tinstance._rootID = nextRootKey(roots);","\t\t\troots[instance._rootID] = instance;","\t\t\tMount._renderNewRootComponent(instance);","\t\t}","\t\tvisitNonCompositeChildren(instance, function (childInst) {","\t\t\tchildInst._inDevTools = true;","\t\t\tReconciler.mountComponent(childInst);","\t\t});","\t\tReconciler.mountComponent(instance);","\t};","","\t/** Notify devtools that a component has been updated with new props/state. */","\tvar componentUpdated = function componentUpdated(component) {","\t\tvar prevRenderedChildren = [];","\t\tvisitNonCompositeChildren(instanceMap.get(component), function (childInst) {","\t\t\tprevRenderedChildren.push(childInst);","\t\t});","","\t\t// Notify devtools about updates to this component and any non-composite","\t\t// children","\t\tvar instance = updateReactComponent(component);","\t\tReconciler.receiveComponent(instance);","\t\tvisitNonCompositeChildren(instance, function (childInst) {","\t\t\tif (!childInst._inDevTools) {","\t\t\t\t// New DOM child component","\t\t\t\tchildInst._inDevTools = true;","\t\t\t\tReconciler.mountComponent(childInst);","\t\t\t} else {","\t\t\t\t// Updated DOM child component","\t\t\t\tReconciler.receiveComponent(childInst);","\t\t\t}","\t\t});","","\t\t// For any non-composite children that were removed by the latest render,","\t\t// remove the corresponding ReactDOMComponent-like instances and notify","\t\t// the devtools","\t\tprevRenderedChildren.forEach(function (childInst) {","\t\t\tif (!document.body.contains(childInst.node)) {","\t\t\t\tinstanceMap['delete'](childInst.node);","\t\t\t\tReconciler.unmountComponent(childInst);","\t\t\t}","\t\t});","\t};","","\t/** Notify devtools that a component has been unmounted from the DOM. */","\tvar componentRemoved = function componentRemoved(component) {","\t\tvar instance = updateReactComponent(component);","\t\tvisitNonCompositeChildren(function (childInst) {","\t\t\tinstanceMap['delete'](childInst.node);","\t\t\tReconciler.unmountComponent(childInst);","\t\t});","\t\tReconciler.unmountComponent(instance);","\t\tinstanceMap['delete'](component);","\t\tif (instance._rootID) {","\t\t\tdelete roots[instance._rootID];","\t\t}","\t};","","\treturn {","\t\tcomponentAdded: componentAdded,","\t\tcomponentUpdated: componentUpdated,","\t\tcomponentRemoved: componentRemoved,","","\t\t// Interfaces passed to devtools via __REACT_DEVTOOLS_GLOBAL_HOOK__.inject()","\t\tComponentTree: ComponentTree,","\t\tMount: Mount,","\t\tReconciler: Reconciler","\t};","}","","/**"," * Return `true` if a preact component is a top level component rendered by"," * `render()` into a container Element."," */","function isRootComponent(component) {","\t// `_parentComponent` is actually `__u` after minification","\tif (component._parentComponent || component.__u) {","\t\t// Component with a composite parent","\t\treturn false;","\t}","\tif (component.base.parentElement && component.base.parentElement[ATTR_KEY]) {","\t\t// Component with a parent DOM element rendered by Preact","\t\treturn false;","\t}","\treturn true;","}","","/**"," * Visit all child instances of a ReactCompositeComponent-like object that are"," * not composite components (ie. they represent DOM elements or text)"," *"," * @param {Component} component"," * @param {(Component) => void} visitor"," */","function visitNonCompositeChildren(component, visitor) {","\tif (component._renderedComponent) {","\t\tif (!component._renderedComponent._component) {","\t\t\tvisitor(component._renderedComponent);","\t\t\tvisitNonCompositeChildren(component._renderedComponent, visitor);","\t\t}","\t} else if (component._renderedChildren) {","\t\tcomponent._renderedChildren.forEach(function (child) {","\t\t\tvisitor(child);","\t\t\tif (!child._component) visitNonCompositeChildren(child, visitor);","\t\t});","\t}","}","","/**"," * Create a bridge between the preact component tree and React's dev tools"," * and register it."," *"," * After this function is called, the React Dev Tools should be able to detect"," * \"React\" on the page and show the component tree."," *"," * This function hooks into preact VNode creation in order to expose functional"," * components correctly, so it should be called before the root component(s)"," * are rendered."," *"," * Returns a cleanup function which unregisters the hooks."," */","","function initDevTools() {","\tif (typeof __REACT_DEVTOOLS_GLOBAL_HOOK__ === 'undefined') {","\t\t// React DevTools are not installed","\t\treturn;","\t}","","\t// Notify devtools when preact components are mounted, updated or unmounted","\tvar bridge = createDevToolsBridge();","","\tvar nextAfterMount = preact.options.afterMount;","\tpreact.options.afterMount = function (component) {","\t\tbridge.componentAdded(component);","\t\tif (nextAfterMount) nextAfterMount(component);","\t};","","\tvar nextAfterUpdate = preact.options.afterUpdate;","\tpreact.options.afterUpdate = function (component) {","\t\tbridge.componentUpdated(component);","\t\tif (nextAfterUpdate) nextAfterUpdate(component);","\t};","","\tvar nextBeforeUnmount = preact.options.beforeUnmount;","\tpreact.options.beforeUnmount = function (component) {","\t\tbridge.componentRemoved(component);","\t\tif (nextBeforeUnmount) nextBeforeUnmount(component);","\t};","","\t// Notify devtools about this instance of \"React\"","\t__REACT_DEVTOOLS_GLOBAL_HOOK__.inject(bridge);","","\treturn function () {","\t\tpreact.options.afterMount = nextAfterMount;","\t\tpreact.options.afterUpdate = nextAfterUpdate;","\t\tpreact.options.beforeUnmount = nextBeforeUnmount;","\t};","}","","initDevTools();","","})));","//# sourceMappingURL=devtools.js.map",""],"l":{"1":1,"2":1,"9":1,"18":1,"19":0,"37":1,"38":0,"40":0,"42":0,"49":0,"50":0,"52":0,"72":1,"73":0,"74":0,"76":0,"89":1,"90":0,"91":0,"93":0,"96":0,"112":0,"117":0,"118":0,"122":0,"125":0,"135":1,"143":1,"144":0,"145":0,"146":0,"147":0,"148":0,"150":0,"151":0,"154":1,"155":0,"165":1,"166":0,"167":0,"168":0,"170":0,"188":1,"195":0,"197":0,"200":0,"201":0,"203":0,"208":0,"209":0,"215":0,"224":0,"235":0,"236":0,"237":0,"238":0,"239":0,"240":0,"242":0,"243":0,"244":0,"246":0,"250":0,"251":0,"252":0,"253":0,"258":0,"259":0,"260":0,"261":0,"263":0,"264":0,"267":0,"274":0,"275":0,"276":0,"277":0,"283":0,"284":0,"285":0,"286":0,"287":0,"289":0,"290":0,"291":0,"292":0,"296":0,"312":1,"314":0,"316":0,"318":0,"320":0,"322":0,"332":1,"333":0,"334":0,"335":0,"336":0,"338":0,"339":0,"340":0,"341":0,"360":1,"361":1,"363":1,"367":0,"369":0,"370":0,"371":0,"372":0,"375":0,"376":0,"377":0,"378":0,"381":0,"382":0,"383":0,"384":0,"388":0,"390":0,"391":0,"392":0,"393":0,"397":1}}}